request-id,request-method,request-path,request-query,request-payload,response-status,response-content-type,response-payload,response-oops,pre-handle-timestamp,post-handle-timestamp,"after-completion-timestamp"
"e4201415-9b9b-1c31-0f85-b55f0bb0db7d",GET,/any/system/welcome,,,200,text/html;charset=utf-8,,,1627394092439100,1627394261634600,1627407083861200
"2d647fcd-d59e-9137-c897-20077fc4b527",GET,"/libraries/fontawesome/5.2.0/css/all.min.css",,,200,text/css,,,1627407489302900,1627407510290000,1627407513769900
"091fe6b0-3c16-3030-5f19-568b13453a7a",GET,"/libraries/bootstrap/4.1.3/css/bootstrap.min.css",,,200,text/css,,,1627407529239500,1627407537675600,1627407541187300
"7761551e-106b-72af-b223-d2192318619c",GET,"/libraries/datatables/1.10.18/css/datatables.min.css",,,200,text/css,,,1627407559853400,1627407567304100,1627407570282000
"b28c2acc-fc4e-7c46-1a6a-834da8842760",GET,"/libraries/jquery/3.3.1/js/jquery.min.js",,,200,application/javascript,,,1627407590581400,1627407598186200,1627407601452700
"c74bd351-1b23-82b9-1ced-e564c439f6a3",GET,"/libraries/popper.js/1.14.4/js/popper.min.js",,,200,application/javascript,,,1627407616214600,1627407623585200,1627407626948600
"ad50b96c-2798-360b-38c4-919fb070abb8",GET,"/libraries/bootstrap/4.1.3/js/bootstrap.min.js",,,200,application/javascript,,,1627407641197600,1627407649350200,1627407652478700
"40b5b3e3-593f-afa8-7635-0dc179b864de",GET,"/libraries/chart.js/2.7.2/js/chart.bundle.min.js",,,200,application/javascript,,,1627407665766200,1627407674076100,1627407676857600
"824c2eca-c2bf-0370-4293-51ae6170e8ba",GET,"/libraries/areyousure/1.9.0/js/areyousure.min.js",,,200,application/javascript,,,1627407690433300,1627407697552300,1627407700538100
"74bad5a3-f62a-45c3-2759-9a44462a7b98",GET,"/libraries/datatables/1.10.18/js/jquery.datatables.min.js",,,200,application/javascript,,,1627407712466100,1627407720548200,1627407723224300
"b6ed7282-c685-f538-ddbd-dabbabf671b4",GET,"/libraries/datatables/1.10.18/js/datatables.min.js",,,200,application/javascript,,,1627407741048500,1627407749395900,1627407752072900
"54b38446-fc18-ca07-57ef-01ee8eb5614a",GET,"/libraries/acme/css/acme.css",,,200,text/css,,,1627407773302800,1627407781355800,1627407783757700
"ec07a982-a649-2714-ff7b-1e10e3f17aba",GET,"/libraries/acme/js/acme.js",,,200,application/javascript,,,1627407795412400,1627407803713800,1627407806225800
"0f6dd7ac-08f4-b270-cd61-37738bdd6c5a",GET,/images/banner.png,,,200,image/png,,,1627407821228500,1627407829001400,1627407832076200
"a4de5db0-bb9f-361c-035b-ca1f2200ca95",GET,/images/logo.png,,,200,image/png,,,1627407852397900,1627407860515900,1627407864051800
"ef0c56f1-ed77-a21e-f1f0-9e25d9dcfc1f",GET,"/libraries/fontawesome/5.2.0/webfonts/fa-solid-900.woff2",,,200,application/font-woff2,,,1627407877448600,1627407886140600,1627407888697000
"a4f76760-6255-c823-9d8e-27b52eebe5aa",GET,"/libraries/fontawesome/5.2.0/webfonts/fa-brands-400.woff2",,,200,application/font-woff2,,,1627407909978800,1627407917073100,1627407919180600
"20f1cb36-4d52-f5d4-ac22-9a00e6a8c3e7",GET,/images/favicon.ico,,,200,image/x-icon,,,1627407960722800,1627408001316800,1627408003628600
"8e37e473-ad81-78d9-97b1-bb5bf4d218a9",GET,/any/system/welcome,,,200,text/html;charset=utf-8,,,1629946329479300,1629946344262000,1629946784764500
"0c37ee2c-2c91-abfe-5836-d4d12080553d",GET,"/libraries/fontawesome/5.2.0/css/all.min.css",,,200,text/css,,,1629946933695700,1629946983224200,1629946987901600
"d7f5494d-d983-e769-b33b-94ce81256268",GET,"/libraries/bootstrap/4.1.3/css/bootstrap.min.css",,,200,text/css,,,1629947007772800,1629947048950100,1629947052715400
"e9d06063-6870-f25e-f46f-727eeee5c8ab",GET,"/libraries/areyousure/1.9.0/js/areyousure.min.js",,,200,application/javascript,,,1629947070409700,1629947175191600,1629947178886100
"84b35780-1790-55a6-4791-5695d49da103",GET,"/libraries/datatables/1.10.18/js/jquery.datatables.min.js",,,200,application/javascript,,,1629947194909200,1629947324157400,1629947327821500
"8b5d1356-e5ab-f6a7-81d8-8e79520013f4",GET,"/libraries/jquery/3.3.1/js/jquery.min.js",,,200,application/javascript,,,1629947348460000,1629947527198300,1629947531043800
"9d038630-523b-6253-023e-1fc21087c903",GET,"/libraries/datatables/1.10.18/css/datatables.min.css",,,200,text/css,,,1629947549149200,1629947592347300,1629947595514500
"a6c71336-ce69-7dfd-2231-7c3f7c0caba7",GET,"/libraries/popper.js/1.14.4/js/popper.min.js",,,200,application/javascript,,,1629947612778200,1629947704020100,1629947707406600
"6c22284b-cdf6-4142-0b12-a1c2e2b2e69e",GET,"/libraries/bootstrap/4.1.3/js/bootstrap.min.js",,,200,application/javascript,,,1629947724348900,1629947851834800,1629947855566700
"84605c72-635d-edcd-0b38-650b4286369a",GET,"/libraries/chart.js/2.7.2/js/chart.bundle.min.js",,,200,application/javascript,,,1629947871392800,1629948084103500,1629948087167700
"14415c6b-f171-568c-1263-cc6544689df1",GET,"/libraries/datatables/1.10.18/js/datatables.min.js",,,200,application/javascript,,,1629948102045700,1629948315352400,1629948318953900
"afaf290a-08d8-ee1d-bd6d-fc995f7631c5",GET,"/libraries/acme/css/acme.css",,,200,text/css,,,1629948336913400,1629948370359500,1629948372712600
"a6b19284-5f89-7cde-09f9-99eab90d1d93",GET,"/libraries/acme/js/acme.js",,,200,application/javascript,,,1629948384542200,1629948464484800,1629948467496500
"4f9ee197-86b8-e619-d208-271557c7795d",GET,/images/banner.png,,,200,image/png,,,1629948509126300,1629948516467600,1629948518471200
"25033359-da5f-c28c-70e4-a5427bb6d699",GET,/images/logo.png,,,200,image/png,,,1629948552141800,1629948562572600,1629948564631500
"457c9e19-a32b-773d-3f27-8a22fbe5a971",GET,/images/favicon.ico,,,200,image/x-icon,,,1629948613331700,1629948641661600,1629948643892800
"dd94b597-8e0b-1c5e-d2cd-54671fead101",GET,/any/system/welcome,,,200,text/html;charset=utf-8,,,1630831708882800,1630831713607500,1630832051625900
"c29ae27d-5a1b-258c-442f-2307513610d3",GET,"/libraries/fontawesome/5.2.0/css/all.min.css",,,200,text/css,,,1630832164105300,1630832197823400,1630832200018800
"75842cd4-f384-88db-f506-80d43a7f66c7",GET,"/libraries/chart.js/2.7.2/js/chart.bundle.min.js",,,200,application/javascript,,,1630832216298700,1630832418271800,1630832420582000
"f67a02f4-875e-d390-3816-1bf54b99808c",GET,"/libraries/areyousure/1.9.0/js/areyousure.min.js",,,200,application/javascript,,,1630832435294900,1630832447347600,1630832449964200
"ad6b1e2a-7b13-c9ad-6148-a8237fb34986",GET,"/libraries/bootstrap/4.1.3/css/bootstrap.min.css",,,200,text/css,,,1630832462070200,1630832494814900,1630832497001200
"82a05bf6-c5fc-9363-2a5d-3a744eba511c",GET,"/libraries/datatables/1.10.18/css/datatables.min.css",,,200,text/css,,,1630832508361700,1630832543105100,1630832545109000
"5b6726b2-431e-a3b4-388d-cec670e2b60d",GET,"/libraries/jquery/3.3.1/js/jquery.min.js",,,200,application/javascript,,,1630832554291200,1630832707804800,1630832710335300
"e9a74a0f-755f-6a15-72ec-60ed02479512",GET,"/libraries/popper.js/1.14.4/js/popper.min.js",,,200,application/javascript,,,1630832722716100,1630832820793500,1630832822542700
"1579bfa2-65b1-3fa3-4a7e-5edea61d0928",GET,"/libraries/bootstrap/4.1.3/js/bootstrap.min.js",,,200,application/javascript,,,1630832831421400,1630832939735000,1630832942492500
"04278d70-7b13-0cb2-3f00-bd5096a1aa48",GET,"/libraries/datatables/1.10.18/js/jquery.datatables.min.js",,,200,application/javascript,,,1630832953967800,1630833060440400,1630833062239300
"c8fd2c44-9f02-1650-9845-6d38e837bcf0",GET,"/libraries/datatables/1.10.18/js/datatables.min.js",,,200,application/javascript,,,1630833071802100,1630833264870100,1630833266614600
"a3e18534-3744-cd06-7f9c-5ee63804d4c0",GET,"/libraries/acme/css/acme.css",,,200,text/css,,,1630833278408500,1630833286780400,1630833289245100
"b88c5d9c-ea81-e295-16f3-ee674213ccc3",GET,"/libraries/acme/js/acme.js",,,200,application/javascript,,,1630833301181900,1630833365832100,1630833367552200
"5b7b6e75-48ad-0488-81c9-0d315d14271b",GET,/images/banner.png,,,200,image/png,,,1630833396402500,1630833403652000,1630833405630500
"970757d7-8d6b-80f4-8ec1-85fbc1b2bf0d",GET,/images/logo.png,,,200,image/png,,,1630833421971700,1630833431143000,1630833432808800
"f339930d-441e-5c84-60d9-59ffedb46e55",GET,/images/favicon.ico,,,200,image/x-icon,,,1630833568672700,1630833594785300,1630833596626400
"c6156575-a5b5-60ba-5c79-b9e00a8cf22a",GET,/any/system/welcome,,,200,text/html;charset=utf-8,,,1630857404016400,1630857408506000,1630857867489000
"e8ea142c-5208-9853-effc-08907502d31a",GET,"/libraries/fontawesome/5.2.0/css/all.min.css",,,200,text/css,,,1630857963980800,1630857968786500,1630857970540500
"7e6a2436-ae36-2c9b-10dd-73d1d488e074",GET,"/libraries/bootstrap/4.1.3/css/bootstrap.min.css",,,200,text/css,,,1630857980023000,1630857985602700,1630857987081500
"9e9fbc9e-2b04-a7e5-f8bb-03dcc3493903",GET,"/libraries/datatables/1.10.18/css/datatables.min.css",,,200,text/css,,,1630857996420700,1630858001576400,1630858003401800
"41e237c5-dc6a-dfdf-8b7c-dafc5910e53b",GET,"/libraries/jquery/3.3.1/js/jquery.min.js",,,200,application/javascript,,,1630858014783500,1630858021184600,1630858023077600
"a88506d8-e903-9adf-1947-3e06dc209943",GET,"/libraries/popper.js/1.14.4/js/popper.min.js",,,200,application/javascript,,,1630858031100400,1630858035975200,1630858037836800
"a1082e25-d5b0-6ac2-41cd-afb1202b318a",GET,"/libraries/bootstrap/4.1.3/js/bootstrap.min.js",,,200,application/javascript,,,1630858046174100,1630858051552600,1630858053369000
"41ca42c6-5fab-4e0f-4d54-f2df63b00cdc",GET,"/libraries/chart.js/2.7.2/js/chart.bundle.min.js",,,200,application/javascript,,,1630858062074300,1630858067952500,1630858069950100
"d879e1dd-f03f-720c-1d2b-73429966cd65",GET,"/libraries/areyousure/1.9.0/js/areyousure.min.js",,,200,application/javascript,,,1630858078605500,1630858083624100,1630858085076400
"83378756-c081-4a1b-70c1-e7920111cca2",GET,"/libraries/datatables/1.10.18/js/jquery.datatables.min.js",,,200,application/javascript,,,1630858094188800,1630858099921100,1630858101459200
"a4ba65e5-2bc9-c5d0-d9c7-c5fe71d1be02",GET,"/libraries/datatables/1.10.18/js/datatables.min.js",,,200,application/javascript,,,1630858113507300,1630858120287300,1630858122007900
"defcdbc3-d99e-9ac3-d190-616d79eb1127",GET,"/libraries/acme/css/acme.css",,,200,text/css,,,1630858131677000,1630858138582500,1630858140284500
"fdfc474f-d600-563a-6190-85494c632023",GET,"/libraries/acme/js/acme.js",,,200,application/javascript,,,1630858148301200,1630858155314500,1630858157050100
"ecb8c4a0-2c4d-6d87-396a-adcf74a82047",GET,/images/banner.png,,,200,image/png,,,1630858187581200,1630858194234800,1630858196070400
"9f1bb0b5-a46d-b600-f872-53d44b29b077",GET,/images/logo.png,,,200,image/png,,,1630858210948900,1630858218061400,1630858220279400
"2a1720ac-66f4-f4ba-8ab6-352d767d838b",GET,/any/system/welcome,,,200,text/html;charset=utf-8,,,1630888202592000,1630888208320500,1630888590512600
"3d17bb65-95dc-6e1b-16a2-55fb7c88fc18",GET,"/libraries/fontawesome/5.2.0/css/all.min.css",,,200,text/css,,,1630888670125800,1630888676089800,1630888677735500
"dfa00150-405b-7cfc-0535-333f6c9edc31",GET,"/libraries/bootstrap/4.1.3/css/bootstrap.min.css",,,200,text/css,,,1630888686820100,1630888692015400,1630888693554300
"e49dfa4d-ff58-5ec8-d1cd-0c3d0aaf3569",GET,"/libraries/datatables/1.10.18/css/datatables.min.css",,,200,text/css,,,1630888702236800,1630888707378200,1630888708839000
"e20feaf7-9b06-5e07-ae57-4e4983e5ad55",GET,"/libraries/jquery/3.3.1/js/jquery.min.js",,,200,application/javascript,,,1630888716417700,1630888722692100,1630888724403100
"db6b0aa6-817b-4da5-b2c6-55d467c8c39d",GET,"/libraries/popper.js/1.14.4/js/popper.min.js",,,200,application/javascript,,,1630888731813300,1630888738209400,1630888739931000
"66a0a915-54c8-a919-ed84-678517dd18df",GET,"/libraries/bootstrap/4.1.3/js/bootstrap.min.js",,,200,application/javascript,,,1630888747655800,1630888753218100,1630888754926200
"b91eb662-2f8e-4045-b21c-c5744cb67588",GET,"/libraries/chart.js/2.7.2/js/chart.bundle.min.js",,,200,application/javascript,,,1630888761820500,1630888767191300,1630888768792400
"b7c3a1f3-e1a1-4e07-3095-1eabc48aa201",GET,"/libraries/areyousure/1.9.0/js/areyousure.min.js",,,200,application/javascript,,,1630888777374900,1630888782141200,1630888784408000
"5069f457-49f7-dcce-6757-9221ca3cd4ab",GET,"/libraries/datatables/1.10.18/js/jquery.datatables.min.js",,,200,application/javascript,,,1630888792235100,1630888798318300,1630888800468400
"57b4563e-3fc2-30a4-739f-a2a341fbbb67",GET,"/libraries/datatables/1.10.18/js/datatables.min.js",,,200,application/javascript,,,1630888809689400,1630888815375700,1630888818227100
"63f0d227-1457-c801-3b1f-8e2af6ef403a",GET,"/libraries/acme/css/acme.css",,,200,text/css,,,1630888830659600,1630888837499200,1630888839060400
"42bb784d-f69c-09fa-ae00-89435419fc7e",GET,"/libraries/acme/js/acme.js",,,200,application/javascript,,,1630888847187500,1630888854796800,1630888856401100
"fb9a13f5-7571-2fc4-d12f-ae442274f737",GET,/images/banner.png,,,200,image/png,,,1630888878065300,1630888883853800,1630888885756200
"33b8c735-fa72-5796-5775-884225594ff4",GET,/images/logo.png,,,200,image/png,,,1630888896763600,1630888904738700,1630888906257100
"c51215c8-4f7e-4430-fa91-cac05eb35476",GET,/any/system/welcome,,,200,text/html;charset=utf-8,,,1630904904215100,1630904906153800,1630905258185400
"de53998d-51ce-56e3-a86d-093e89fe9ea8",GET,"/libraries/fontawesome/5.2.0/css/all.min.css",,,200,text/css,,,1630905351450300,1630905357223100,1630905358710300
"0ebe3abe-e1dd-fd80-173a-64ec7874aa16",GET,"/libraries/bootstrap/4.1.3/css/bootstrap.min.css",,,200,text/css,,,1630905366473500,1630905372020300,1630905373498000
"42c7c401-617f-96a7-2adb-b2e910ab38d5",GET,"/libraries/areyousure/1.9.0/js/areyousure.min.js",,,200,application/javascript,,,1630905380277800,1630905386619900,1630905387989700
"bd01f5f0-be15-ec2f-0fd6-5a87fd189f48",GET,"/libraries/datatables/1.10.18/css/datatables.min.css",,,200,text/css,,,1630905394750200,1630905400374200,1630905401984600
"fb664798-7edb-6d61-b1a4-214ea223f8a4",GET,"/libraries/datatables/1.10.18/js/datatables.min.js",,,200,application/javascript,,,1630905409709400,1630905416235500,1630905417945300
"40463928-8836-7880-589b-915f2531d9d8",GET,"/libraries/jquery/3.3.1/js/jquery.min.js",,,200,application/javascript,,,1630905425318300,1630905430675400,1630905432334200
"834ef3c5-d5a4-b395-f6fd-27422ea47445",GET,"/libraries/popper.js/1.14.4/js/popper.min.js",,,200,application/javascript,,,1630905438359100,1630905443634900,1630905444971400
"846fd542-2aff-f8e6-041e-c5062a64443e",GET,"/libraries/bootstrap/4.1.3/js/bootstrap.min.js",,,200,application/javascript,,,1630905452555900,1630905457636600,1630905459238400
"7c61e82e-d851-fda1-5a9d-12e6bcf893d8",GET,"/libraries/chart.js/2.7.2/js/chart.bundle.min.js",,,200,application/javascript,,,1630905468805500,1630905473618100,1630905474835800
"92191865-1132-4103-c5eb-c0b150f943e5",GET,"/libraries/datatables/1.10.18/js/jquery.datatables.min.js",,,200,application/javascript,,,1630905482456900,1630905488109300,1630905492530300
"d7ada23d-2ca9-e46d-71ac-8f594bdafb42",GET,"/libraries/acme/css/acme.css",,,200,text/css,,,1630905503679600,1630905508853400,1630905510414200
"f4b6b5e2-bc17-2762-be8d-6f31e5125553",GET,"/libraries/acme/js/acme.js",,,200,application/javascript,,,1630905518194400,1630905523760200,1630905525128000
"1370026c-b508-4f8d-91d3-dd7c971d8773",GET,/images/banner.png,,,200,image/png,,,1630905555262500,1630905560439000,1630905561625000
"488fc3e8-022b-b416-1294-4b0bdbc1d384",GET,/images/logo.png,,,200,image/png,,,1630905571982400,1630905578005500,1630905579588900
"0bde7547-a689-e9a8-ffcd-3dde68c2eff3",GET,/any/system/welcome,,,200,text/html;charset=utf-8,,,1630921059612100,1630921063558700,1630921293721500
"bddc5aeb-5cad-f7a7-9b39-d8b43750c4e6",GET,"/libraries/fontawesome/5.2.0/css/all.min.css",,,200,text/css,,,1630921372031400,1630921377181500,1630921378936000
"d4132c48-c6ad-20e6-86c6-85c6ecf51a83",GET,"/libraries/bootstrap/4.1.3/css/bootstrap.min.css",,,200,text/css,,,1630921385778500,1630921390377700,1630921391468400
"953622d8-56dc-fe65-9545-f4e8231aa563",GET,"/libraries/datatables/1.10.18/css/datatables.min.css",,,200,text/css,,,1630921398508000,1630921403237300,1630921404468100
"d2731256-76ab-2ccf-9a22-f960bb2afa22",GET,"/libraries/jquery/3.3.1/js/jquery.min.js",,,200,application/javascript,,,1630921410256100,1630921415677400,1630921417285300
"1a89d9f8-019d-89c4-a1da-e12760625581",GET,"/libraries/popper.js/1.14.4/js/popper.min.js",,,200,application/javascript,,,1630921423644800,1630921429902400,1630921431335000
"bb61e819-3013-50e1-acc1-a50035c729b1",GET,"/libraries/bootstrap/4.1.3/js/bootstrap.min.js",,,200,application/javascript,,,1630921438430400,1630921443305700,1630921444562100
"78a8a19f-4213-9570-f022-18511df91186",GET,"/libraries/chart.js/2.7.2/js/chart.bundle.min.js",,,200,application/javascript,,,1630921451186900,1630921456186700,1630921457523300
"b5e7b3ff-e479-eafd-1913-8f91fc504c8b",GET,"/libraries/areyousure/1.9.0/js/areyousure.min.js",,,200,application/javascript,,,1630921464530900,1630921469363300,1630921470667600
"3e339c9e-954e-2279-a6ad-1558fe019849",GET,"/libraries/datatables/1.10.18/js/jquery.datatables.min.js",,,200,application/javascript,,,1630921476451000,1630921481304200,1630921482563900
"5bc4720f-3990-ae8a-9284-40233ddeed04",GET,"/libraries/datatables/1.10.18/js/datatables.min.js",,,200,application/javascript,,,1630921488795800,1630921493782100,1630921495012100
"76a42b61-0d83-0db0-f30e-56258f53a268",GET,"/libraries/acme/css/acme.css",,,200,text/css,,,1630921505449300,1630921510317300,1630921511442600
"b114af6e-12ad-c47b-f42e-3087fe38ddcb",GET,"/libraries/acme/js/acme.js",,,200,application/javascript,,,1630921518680700,1630921523609200,1630921524903200
"7d66d1ed-a364-2100-45d6-04878c84ec18",GET,/images/banner.png,,,200,image/png,,,1630921550440200,1630921556124900,1630921557574900
"1adb7db5-0188-dcde-784e-e72c26a1f3f4",GET,/images/logo.png,,,200,image/png,,,1630921568405800,1630921574403300,1630921575665000
"671e937d-2662-afe4-1c40-cf551d0fbb82",GET,/any/system/welcome,,,200,text/html;charset=utf-8,,,1630937025807400,1630937028341800,1630937278745100
"2f43e9f0-a02d-b43f-a1b5-91f804a1e3f5",GET,"/libraries/fontawesome/5.2.0/css/all.min.css",,,200,text/css,,,1630937351678900,1630937356698500,1630937358164800
"0bf24ff5-fdd3-06f5-a737-9da3b312e45a",GET,"/libraries/bootstrap/4.1.3/css/bootstrap.min.css",,,200,text/css,,,1630937365750300,1630937370754700,1630937371945200
"89f5e375-16f9-358a-d983-1c5bf7479c6a",GET,"/libraries/datatables/1.10.18/css/datatables.min.css",,,200,text/css,,,1630937378817100,1630937383963600,1630937385292700
"76fd6f0c-526d-b366-24f5-e620e96be043",GET,"/libraries/jquery/3.3.1/js/jquery.min.js",,,200,application/javascript,,,1630937390806700,1630937396293900,1630937397717800
"1a303e69-114d-f413-7a37-da7a437b99cb",GET,"/libraries/popper.js/1.14.4/js/popper.min.js",,,200,application/javascript,,,1630937404153000,1630937408735700,1630937409945400
"2060e53c-0eb7-2332-ce98-948f73e307f3",GET,"/libraries/bootstrap/4.1.3/js/bootstrap.min.js",,,200,application/javascript,,,1630937416118600,1630937421407400,1630937422614800
"533b3e12-939d-60a7-82e2-037330696b36",GET,"/libraries/chart.js/2.7.2/js/chart.bundle.min.js",,,200,application/javascript,,,1630937429637000,1630937434652800,1630937435845900
"cac15e68-ce82-9f52-ea0c-875de1b18fde",GET,"/libraries/areyousure/1.9.0/js/areyousure.min.js",,,200,application/javascript,,,1630937442677300,1630937447464300,1630937448696300
"59f4d2dd-c3c9-2bb1-d425-54ca2e76c0e4",GET,"/libraries/datatables/1.10.18/js/jquery.datatables.min.js",,,200,application/javascript,,,1630937454221600,1630937459089400,1630937460494200
"57fb1a4a-dc1b-7836-e99a-cf617f297575",GET,"/libraries/datatables/1.10.18/js/datatables.min.js",,,200,application/javascript,,,1630937466516500,1630937471330800,1630937472364000
"ff71782d-0af7-7de1-49f2-58f4404f02e5",GET,"/libraries/acme/css/acme.css",,,200,text/css,,,1630937480425500,1630937485245700,1630937486429100
"2d3bc6a3-b5f0-87f0-39bf-fbb0cd92814c",GET,"/libraries/acme/js/acme.js",,,200,application/javascript,,,1630937491627300,1630937496496700,1630937497721400
"40b25de9-9bc9-fb04-f2e7-eb0272e4b402",GET,/images/banner.png,,,200,image/png,,,1630937521528400,1630937527304000,1630937529142200
"da466320-6c9c-9682-12b3-db9f91dc2b45",GET,/images/logo.png,,,200,image/png,,,1630937539235600,1630937545172900,1630937546819300
"7a0349c3-7b63-38fb-0e37-b16645807fb4",GET,/any/system/welcome,,,200,text/html;charset=utf-8,,,1631000190414300,1631000193513200,1631000472885500
"4424fb0d-8721-2992-a1c4-40d24743b616",GET,"/libraries/fontawesome/5.2.0/css/all.min.css",,,200,text/css,,,1631000553478600,1631000560540000,1631000561894800
"c9705c48-9bd2-f980-64d0-69e286acb127",GET,"/libraries/chart.js/2.7.2/js/chart.bundle.min.js",,,200,application/javascript,,,1631000572703000,1631000578003100,1631000579131500
"f6b7c0bb-bd6f-dad6-de45-6b81f8377729",GET,"/libraries/areyousure/1.9.0/js/areyousure.min.js",,,200,application/javascript,,,1631000589619300,1631000595871000,1631000597137300
"32ada5ac-de01-f96b-d84c-008fc0ae3dc5",GET,"/libraries/datatables/1.10.18/js/jquery.datatables.min.js",,,200,application/javascript,,,1631000605744100,1631000611058800,1631000612646400
"6c28d6b1-6850-c5e1-c2b9-eacca4f1d994",GET,"/libraries/bootstrap/4.1.3/css/bootstrap.min.css",,,200,text/css,,,1631000619774100,1631000625194000,1631000626366300
"d7803651-b56c-261a-0302-8c0aacce4adc",GET,"/libraries/datatables/1.10.18/css/datatables.min.css",,,200,text/css,,,1631000632829700,1631000638928800,1631000641226600
"cb0fd294-545e-d058-bca2-db347e6dea14",GET,"/libraries/jquery/3.3.1/js/jquery.min.js",,,200,application/javascript,,,1631000648325600,1631000654828400,1631000655985800
"8dfa171b-fa0b-8ab9-2eea-68ba2ec380a5",GET,"/libraries/popper.js/1.14.4/js/popper.min.js",,,200,application/javascript,,,1631000662039800,1631000666769200,1631000667804100
"1dbfc5d7-f466-a44e-6f68-8d3a00e6b56d",GET,"/libraries/bootstrap/4.1.3/js/bootstrap.min.js",,,200,application/javascript,,,1631000673377600,1631000679149500,1631000680249800
"41685576-53e5-7d5f-7620-cd3d29842c7c",GET,"/libraries/datatables/1.10.18/js/datatables.min.js",,,200,application/javascript,,,1631000685688900,1631000692338700,1631000693593900
"6c965821-29b8-5e11-c95a-be1350a51a06",GET,"/libraries/acme/css/acme.css",,,200,text/css,,,1631000700866700,1631000706699000,1631000707917200
"7f6c0f22-bff0-20ba-1586-51f07f72197e",GET,"/libraries/acme/js/acme.js",,,200,application/javascript,,,1631000714739400,1631000719618100,1631000720725500
"13ea3f83-d622-2a17-7865-ac88f63d2b3c",GET,/images/banner.png,,,200,image/png,,,1631000726508000,1631000732067300,1631000733292500
"e81d29c4-ee69-7cce-6a5b-059d9db08d4c",GET,/images/logo.png,,,200,image/png,,,1631000749841500,1631000757671400,1631000758876000
"922b2254-b037-e728-0648-73ed85f67cf6",GET,/images/favicon.ico,,,200,image/x-icon,,,1631000806670800,1631000812595500,1631000813913700
