2026-02-06 23:01:10.599132600 INFO  acme.Launcher@main Starting Launcher using Java 21.0.5 on Victorius with PID 5552 (C:\Users\victo\OneDrive\Documentos\Carrera3\DP2\Workspace-26\Frameworks\Acme-Framework-26.1.0\target\classes started by victo in C:\Users\victo\OneDrive\Documentos\Carrera3\DP2\Workspace-26\Projects\Acme-Starters-C-26.1.0) 
2026-02-06 23:01:10.606430400 DEBUG acme.Launcher@main Running with Spring Boot v2.7.18, Spring v5.3.31 
2026-02-06 23:01:10.608431300 INFO  acme.Launcher@main The following 3 profiles are active: "development", "populator", "sample" 
2026-02-06 23:01:22.164130100 DEBUG acme.client.controllers.AbstractController@main Registering handler for {[GET, POST] [/authenticated/consumer/create], produces [text/html]} 
2026-02-06 23:01:22.169306200 DEBUG acme.client.controllers.AbstractController@main Registering handler for {[GET, POST] [/authenticated/consumer/update], produces [text/html]} 
2026-02-06 23:01:23.384629900 DEBUG acme.client.controllers.AbstractController@main Registering handler for {[GET, POST] [/authenticated/provider/create], produces [text/html]} 
2026-02-06 23:01:23.386905600 DEBUG acme.client.controllers.AbstractController@main Registering handler for {[GET, POST] [/authenticated/provider/update], produces [text/html]} 
2026-02-06 23:01:23.482615100 DEBUG acme.client.controllers.AbstractController@main Registering handler for {[GET, POST] [/administrator/user-account/list], produces [text/html]} 
2026-02-06 23:01:23.483615100 DEBUG acme.client.controllers.AbstractController@main Registering handler for {[GET, POST] [/administrator/user-account/show], produces [text/html]} 
2026-02-06 23:01:23.484965200 DEBUG acme.client.controllers.AbstractController@main Registering handler for {[GET, POST] [/administrator/user-account/update], produces [text/html]} 
2026-02-06 23:01:23.580306900 DEBUG acme.client.controllers.AbstractController@main Registering handler for {[GET, POST] [/anonymous/user-account/create], produces [text/html]} 
2026-02-06 23:01:23.644326500 DEBUG acme.client.controllers.AbstractController@main Registering handler for {[GET, POST] [/authenticated/user-account/update], produces [text/html]} 
2026-02-06 23:01:26.244795700 INFO  acme.Launcher@main Started Launcher in 17.56 seconds (JVM running for 19.415) 
2026-02-06 23:01:26.252444900 INFO  acme.Launcher@main Starting the Spring Framework up took 17.866 seconds. 
2026-02-06 23:01:26.423236700 DEBUG acme.internals.components.clocks.AbstractClock@main Changing base moment to 'Fri Feb 06 23:01:26 CET 2026'. 
2026-02-06 23:01:26.425286800 DEBUG acme.internals.components.clocks.AbstractClock@main Changing base moment to 'Wed Jan 01 00:00:00 CET 2025'. 
2026-02-06 23:01:26.426314500 DEBUG acme.internals.components.clocks.SimulatedClock@main Changing clock to Wed Jan 01 00:00:00 CET 2025. 
2026-02-06 23:01:26.428567200 DEBUG acme.client.helpers.RandomHelper@main Resetting random seed to 42. 
2026-02-06 23:01:26.429567 DEBUG acme.client.helpers.RandomHelper@main Resetting random seed to 42. 
2026-02-06 23:01:26.429567 INFO  acme.Launcher@main Current moment is Wed Jan 01 00:00:00 CET 2025. 
2026-02-06 23:01:26.430566400 INFO  acme.Launcher@main Current random seed is 42. 
2026-02-06 23:01:26.430566400 INFO  acme.Launcher@main Launching populator in your development platform. Please, wait. 
2026-02-06 23:01:26.431618300 INFO  acme.Launcher@main Resetting application (update schema, populate sample, reset clock, reset randomiser). 
2026-02-06 23:01:26.432627200 DEBUG acme.internals.components.clocks.SimulatedClock@main Changing clock to Wed Jan 01 00:00:00 CET 2025. 
2026-02-06 23:01:26.433630100 DEBUG acme.client.helpers.RandomHelper@main Resetting random seed to 42. 
2026-02-06 23:01:26.433630100 DEBUG acme.client.helpers.RandomHelper@main Resetting random seed to 42. 
2026-02-06 23:01:26.433630100 DEBUG acme.Launcher@main Populating database. 
2026-02-06 23:01:26.440764300 DEBUG acme.internals.components.database.DatabaseManager@main Starting transaction e4201415-9b9b-1c31-0f85-b55f0bb0db7d. 
2026-02-06 23:01:26.476146100 DEBUG acme.internals.components.database.DatabaseManager@main Dropping existing SQL schema. 
2026-02-06 23:01:26.478147100 DEBUG acme.internals.components.database.DatabaseManager@main Creating SQL query for 'select concat('drop table if exists `',  table_name, '`')  from information_schema.tables  where table_schema = database();'. 
2026-02-06 23:01:26.538655600 DEBUG org.hibernate.SQL@main select concat('drop table if exists `',  table_name, '`')  from information_schema.tables  where table_schema = database(); 
2026-02-06 23:01:26.586208300 DEBUG acme.internals.components.database.DatabaseManager@main Creating batch for transaction e4201415-9b9b-1c31-0f85-b55f0bb0db7d. 
2026-02-06 23:01:26.587217800 DEBUG acme.internals.components.database.DatabaseManager@main Adding SQL command 'set foreign_key_checks=0;\n' to transaction e4201415-9b9b-1c31-0f85-b55f0bb0db7d. 
2026-02-06 23:01:26.587217800 DEBUG acme.internals.components.database.DatabaseManager@main Adding SQL command 'set foreign_key_checks=1;\n' to transaction e4201415-9b9b-1c31-0f85-b55f0bb0db7d. 
2026-02-06 23:01:26.588227 DEBUG acme.internals.components.database.DatabaseManager@main Submitting batch in transaction e4201415-9b9b-1c31-0f85-b55f0bb0db7d. 
2026-02-06 23:01:26.588227 DEBUG acme.internals.components.database.DatabaseManager@main Committing transaction e4201415-9b9b-1c31-0f85-b55f0bb0db7d. 
2026-02-06 23:01:26.591997 DEBUG acme.internals.components.database.DatabaseManager@main Starting transaction 2d647fcd-d59e-9137-c897-20077fc4b527. 
2026-02-06 23:01:26.610565 DEBUG acme.internals.components.database.DatabaseManager@main Creating new SQL schema. 
2026-02-06 23:01:26.657854 DEBUG acme.internals.components.database.DatabaseManager@main Creating batch for transaction 2d647fcd-d59e-9137-c897-20077fc4b527. 
2026-02-06 23:01:26.658854 DEBUG acme.internals.components.database.DatabaseManager@main Adding SQL command 'set foreign_key_checks=0;\n' to transaction 2d647fcd-d59e-9137-c897-20077fc4b527. 
2026-02-06 23:01:26.658854 DEBUG acme.internals.components.database.DatabaseManager@main Adding SQL command 'create table abstract_squad (id integer not null, version integer not null, user_account_id integer not null, primary key (id)) engine=InnoDB' to transaction 2d647fcd-d59e-9137-c897-20077fc4b527. 
2026-02-06 23:01:26.658854 DEBUG acme.internals.components.database.DatabaseManager@main Adding SQL command 'create table administrator (id integer not null, version integer not null, user_account_id integer not null, primary key (id)) engine=InnoDB' to transaction 2d647fcd-d59e-9137-c897-20077fc4b527. 
2026-02-06 23:01:26.659853200 DEBUG acme.internals.components.database.DatabaseManager@main Adding SQL command 'create table anonymous (id integer not null, version integer not null, user_account_id integer not null, primary key (id)) engine=InnoDB' to transaction 2d647fcd-d59e-9137-c897-20077fc4b527. 
2026-02-06 23:01:26.659853200 DEBUG acme.internals.components.database.DatabaseManager@main Adding SQL command 'create table any (id integer not null, version integer not null, user_account_id integer not null, primary key (id)) engine=InnoDB' to transaction 2d647fcd-d59e-9137-c897-20077fc4b527. 
2026-02-06 23:01:26.659853200 DEBUG acme.internals.components.database.DatabaseManager@main Adding SQL command 'create table authenticated (id integer not null, version integer not null, user_account_id integer not null, primary key (id)) engine=InnoDB' to transaction 2d647fcd-d59e-9137-c897-20077fc4b527. 
2026-02-06 23:01:26.659853200 DEBUG acme.internals.components.database.DatabaseManager@main Adding SQL command 'create table consumer (id integer not null, version integer not null, user_account_id integer not null, company varchar(255), sector varchar(255), primary key (id)) engine=InnoDB' to transaction 2d647fcd-d59e-9137-c897-20077fc4b527. 
2026-02-06 23:01:26.660853200 DEBUG acme.internals.components.database.DatabaseManager@main Adding SQL command 'create table provider (id integer not null, version integer not null, user_account_id integer not null, company varchar(255), sector varchar(255), primary key (id)) engine=InnoDB' to transaction 2d647fcd-d59e-9137-c897-20077fc4b527. 
2026-02-06 23:01:26.660853200 DEBUG acme.internals.components.database.DatabaseManager@main Adding SQL command 'create table user_account (id integer not null, version integer not null, enabled bit, identity blob, password varchar(255) not null, username varchar(255) not null, primary key (id)) engine=InnoDB' to transaction 2d647fcd-d59e-9137-c897-20077fc4b527. 
2026-02-06 23:01:26.660853200 DEBUG acme.internals.components.database.DatabaseManager@main Adding SQL command 'alter table user_account add constraint UK_castjbvpeeus0r8lbpehiu0e4 unique (username)' to transaction 2d647fcd-d59e-9137-c897-20077fc4b527. 
2026-02-06 23:01:26.661853500 DEBUG acme.internals.components.database.DatabaseManager@main Adding SQL command 'alter table abstract_squad add constraint FK_6r336s2qobvtlhcicaspgws6s foreign key (user_account_id) references user_account (id)' to transaction 2d647fcd-d59e-9137-c897-20077fc4b527. 
2026-02-06 23:01:26.661853500 DEBUG acme.internals.components.database.DatabaseManager@main Adding SQL command 'alter table administrator add constraint FK_2a5vcjo3stlfcwadosjfq49l1 foreign key (user_account_id) references user_account (id)' to transaction 2d647fcd-d59e-9137-c897-20077fc4b527. 
2026-02-06 23:01:26.661853500 DEBUG acme.internals.components.database.DatabaseManager@main Adding SQL command 'alter table anonymous add constraint FK_6lnbc6fo3om54vugoh8icg78m foreign key (user_account_id) references user_account (id)' to transaction 2d647fcd-d59e-9137-c897-20077fc4b527. 
2026-02-06 23:01:26.662869 DEBUG acme.internals.components.database.DatabaseManager@main Adding SQL command 'alter table any add constraint FK_26yflnlk4xrrxtkiwkag1l7lf foreign key (user_account_id) references user_account (id)' to transaction 2d647fcd-d59e-9137-c897-20077fc4b527. 
2026-02-06 23:01:26.662869 DEBUG acme.internals.components.database.DatabaseManager@main Adding SQL command 'alter table authenticated add constraint FK_h52w0f3wjoi68b63wv9vwon57 foreign key (user_account_id) references user_account (id)' to transaction 2d647fcd-d59e-9137-c897-20077fc4b527. 
2026-02-06 23:01:26.662869 DEBUG acme.internals.components.database.DatabaseManager@main Adding SQL command 'alter table consumer add constraint FK_6cyha9f1wpj0dpbxrrjddrqed foreign key (user_account_id) references user_account (id)' to transaction 2d647fcd-d59e-9137-c897-20077fc4b527. 
2026-02-06 23:01:26.662869 DEBUG acme.internals.components.database.DatabaseManager@main Adding SQL command 'alter table provider add constraint FK_b1gwnjqm6ggy9yuiqm0o4rlmd foreign key (user_account_id) references user_account (id)' to transaction 2d647fcd-d59e-9137-c897-20077fc4b527. 
2026-02-06 23:01:26.663905300 DEBUG acme.internals.components.database.DatabaseManager@main Adding SQL command 'create table acme_sequence(sequence_name varchar(255), next_val int, primary key(sequence_name))' to transaction 2d647fcd-d59e-9137-c897-20077fc4b527. 
2026-02-06 23:01:26.663905300 DEBUG acme.internals.components.database.DatabaseManager@main Adding SQL command 'insert into acme_sequence(sequence_name, next_val) values ("default", +1), ("startup", -1)' to transaction 2d647fcd-d59e-9137-c897-20077fc4b527. 
2026-02-06 23:01:26.663905300 DEBUG acme.internals.components.database.DatabaseManager@main Adding SQL command 'create table acme_token(id int auto_increment, voucher varchar(255), issued datetime, consumed datetime, primary key(id))' to transaction 2d647fcd-d59e-9137-c897-20077fc4b527. 
2026-02-06 23:01:26.663905300 DEBUG acme.internals.components.database.DatabaseManager@main Adding SQL command 'set foreign_key_checks=1;\n' to transaction 2d647fcd-d59e-9137-c897-20077fc4b527. 
2026-02-06 23:01:26.665393100 DEBUG acme.internals.components.database.DatabaseManager@main Submitting batch in transaction 2d647fcd-d59e-9137-c897-20077fc4b527. 
2026-02-06 23:01:27.052281 DEBUG acme.internals.components.database.DatabaseManager@main Committing transaction 2d647fcd-d59e-9137-c897-20077fc4b527. 
2026-02-06 23:01:27.054399800 DEBUG acme.internals.components.database.DatabaseManager@main Starting transaction 091fe6b0-3c16-3030-5f19-568b13453a7a. 
2026-02-06 23:01:27.056432700 DEBUG acme.internals.components.database.DatabasePopulator@main Reading entities from 'classpath:/WEB-INF/data/initial/batch-01'. 
2026-02-06 23:01:27.108958600 DEBUG acme.internals.components.database.EntityTable@main Reading entities from 'C:\Users\victo\OneDrive\Documentos\Carrera3\DP2\Workspace-26\Projects\Acme-Starters-C-26.1.0\target\classes\WEB-INF\data\initial\batch-01\administrator.csv'. 
2026-02-06 23:01:27.313357 DEBUG acme.internals.components.database.EntityTable@main Reading mapping '{key=administrator-01, key:userAccount=user-account-administrator-01}' from 'C:\Users\victo\OneDrive\Documentos\Carrera3\DP2\Workspace-26\Projects\Acme-Starters-C-26.1.0\target\classes\WEB-INF\data\initial\batch-01\administrator.csv'. 
2026-02-06 23:01:27.317678800 DEBUG acme.internals.components.database.EntityTable@main Reading entities from 'C:\Users\victo\OneDrive\Documentos\Carrera3\DP2\Workspace-26\Projects\Acme-Starters-C-26.1.0\target\classes\WEB-INF\data\initial\batch-01\anonymous.csv'. 
2026-02-06 23:01:27.318696500 DEBUG acme.internals.components.database.EntityTable@main Reading mapping '{key=anonymous-01, key:userAccount=user-account-anonymous-01}' from 'C:\Users\victo\OneDrive\Documentos\Carrera3\DP2\Workspace-26\Projects\Acme-Starters-C-26.1.0\target\classes\WEB-INF\data\initial\batch-01\anonymous.csv'. 
2026-02-06 23:01:27.320158900 DEBUG acme.internals.components.database.EntityTable@main Reading entities from 'C:\Users\victo\OneDrive\Documentos\Carrera3\DP2\Workspace-26\Projects\Acme-Starters-C-26.1.0\target\classes\WEB-INF\data\initial\batch-01\user-account.csv'. 
2026-02-06 23:01:27.320158900 DEBUG acme.internals.components.database.EntityTable@main Reading mapping '{password=HIDDEN-PASSWORD, identity=UserIdentity{name: 'John', surname: 'Doe', email: 'john.doe@acme.com'}, key=user-account-anonymous-01, enabled=false, username=anonymous}' from 'C:\Users\victo\OneDrive\Documentos\Carrera3\DP2\Workspace-26\Projects\Acme-Starters-C-26.1.0\target\classes\WEB-INF\data\initial\batch-01\user-account.csv'. 
2026-02-06 23:01:27.321199 DEBUG acme.internals.components.database.EntityTable@main Reading mapping '{password=administrator, identity=UserIdentity{name: 'Administrator', surname: 'Acme', email: 'administrator@acme.com'}, key=user-account-administrator-01, enabled=true, username=administrator}' from 'C:\Users\victo\OneDrive\Documentos\Carrera3\DP2\Workspace-26\Projects\Acme-Starters-C-26.1.0\target\classes\WEB-INF\data\initial\batch-01\user-account.csv'. 
2026-02-06 23:01:27.321199 DEBUG acme.internals.components.database.EntityWeb@main Setting attributes of entities of class acme.client.components.principals.Administrator. 
2026-02-06 23:01:27.322505600 DEBUG acme.internals.components.database.EntityWeb@main Setting attributes of entities of class acme.client.components.principals.Anonymous. 
2026-02-06 23:01:27.322505600 DEBUG acme.internals.components.database.EntityWeb@main Setting attributes of entities of class acme.client.components.principals.UserAccount. 
2026-02-06 23:01:27.712832400 DEBUG acme.internals.components.database.EntityWeb@main Linking entities of class acme.client.components.principals.Administrator. 
2026-02-06 23:01:27.749715800 DEBUG acme.internals.components.database.EntityWeb@main Linking entities of class acme.client.components.principals.Anonymous. 
2026-02-06 23:01:27.791747800 DEBUG acme.internals.components.database.EntityWeb@main Linking entities of class acme.client.components.principals.UserAccount. 
2026-02-06 23:01:27.792746300 DEBUG acme.internals.components.database.DatabasePopulator@main Reading entities from 'classpath:/WEB-INF/data/sample/batch-01'. 
2026-02-06 23:01:27.796746900 DEBUG acme.internals.components.database.EntityTable@main Reading entities from 'C:\Users\victo\OneDrive\Documentos\Carrera3\DP2\Workspace-26\Projects\Acme-Starters-C-26.1.0\target\classes\WEB-INF\data\sample\batch-01\consumer.csv'. 
2026-02-06 23:01:27.799015100 DEBUG acme.internals.components.database.EntityTable@main Reading mapping '{company=Macarena, Inc., sector=Telecommunications, key=consumer-01, key:userAccount=user-account-consumer-01}' from 'C:\Users\victo\OneDrive\Documentos\Carrera3\DP2\Workspace-26\Projects\Acme-Starters-C-26.1.0\target\classes\WEB-INF\data\sample\batch-01\consumer.csv'. 
2026-02-06 23:01:27.800015700 DEBUG acme.internals.components.database.EntityTable@main Reading mapping '{company=լոռեմ իպսում, sector=ლორემ იფსუმ, key=consumer-02, key:userAccount=user-account-consumer-02}' from 'C:\Users\victo\OneDrive\Documentos\Carrera3\DP2\Workspace-26\Projects\Acme-Starters-C-26.1.0\target\classes\WEB-INF\data\sample\batch-01\consumer.csv'. 
2026-02-06 23:01:27.801017200 DEBUG acme.internals.components.database.EntityTable@main Reading mapping '{company=مرحبا بالعالم, sector=天飽雲馬消根清歡寫尾做兒幫, key=consumer-03, key:userAccount=user-account-consumer-03}' from 'C:\Users\victo\OneDrive\Documentos\Carrera3\DP2\Workspace-26\Projects\Acme-Starters-C-26.1.0\target\classes\WEB-INF\data\sample\batch-01\consumer.csv'. 
2026-02-06 23:01:27.803102800 DEBUG acme.internals.components.database.EntityTable@main Reading entities from 'C:\Users\victo\OneDrive\Documentos\Carrera3\DP2\Workspace-26\Projects\Acme-Starters-C-26.1.0\target\classes\WEB-INF\data\sample\batch-01\provider.csv'. 
2026-02-06 23:01:27.805111600 DEBUG acme.internals.components.database.EntityTable@main Reading mapping '{company=Terra Nets, S.A., sector=Internet, key=provider-01, key:userAccount=user-account-provider-01}' from 'C:\Users\victo\OneDrive\Documentos\Carrera3\DP2\Workspace-26\Projects\Acme-Starters-C-26.1.0\target\classes\WEB-INF\data\sample\batch-01\provider.csv'. 
2026-02-06 23:01:27.806112200 DEBUG acme.internals.components.database.EntityTable@main Reading mapping '{company=Лорем ипсум, sector=Λορεμ ιπσθμ, key=provider-02, key:userAccount=user-account-provider-02}' from 'C:\Users\victo\OneDrive\Documentos\Carrera3\DP2\Workspace-26\Projects\Acme-Starters-C-26.1.0\target\classes\WEB-INF\data\sample\batch-01\provider.csv'. 
2026-02-06 23:01:27.807603700 DEBUG acme.internals.components.database.EntityTable@main Reading mapping '{company=देवनागरी, sector=À l'école, Zoë, key=provider-03, key:userAccount=user-account-provider-03}' from 'C:\Users\victo\OneDrive\Documentos\Carrera3\DP2\Workspace-26\Projects\Acme-Starters-C-26.1.0\target\classes\WEB-INF\data\sample\batch-01\provider.csv'. 
2026-02-06 23:01:27.808777900 DEBUG acme.internals.components.database.EntityTable@main Reading entities from 'C:\Users\victo\OneDrive\Documentos\Carrera3\DP2\Workspace-26\Projects\Acme-Starters-C-26.1.0\target\classes\WEB-INF\data\sample\batch-01\user-account.csv'. 
2026-02-06 23:01:27.810806500 DEBUG acme.internals.components.database.EntityTable@main Reading mapping '{password=consumer1, identity=UserIdentity{name: 'Peter', surname: 'Consumer', email: 'peter@acme.com'}, key=user-account-consumer-01, enabled=true, username=consumer1}' from 'C:\Users\victo\OneDrive\Documentos\Carrera3\DP2\Workspace-26\Projects\Acme-Starters-C-26.1.0\target\classes\WEB-INF\data\sample\batch-01\user-account.csv'. 
2026-02-06 23:01:27.811807600 DEBUG acme.internals.components.database.EntityTable@main Reading mapping '{password=consumer2, identity=UserIdentity{name: 'Mary', surname: '貸んい建濯よ芝弾テソ Λορεμ ιπσθμ', email: 'mary@acme.com'}, key=user-account-consumer-02, enabled=true, username=consumer2}' from 'C:\Users\victo\OneDrive\Documentos\Carrera3\DP2\Workspace-26\Projects\Acme-Starters-C-26.1.0\target\classes\WEB-INF\data\sample\batch-01\user-account.csv'. 
2026-02-06 23:01:27.812807800 DEBUG acme.internals.components.database.EntityTable@main Reading mapping '{password=consumer3, identity=UserIdentity{name: 'Manolo', surname: '之乎路可良 ᏥᏲᏎᎭ', email: 'manolo@acme.com'}, key=user-account-consumer-03, enabled=true, username=consumer3}' from 'C:\Users\victo\OneDrive\Documentos\Carrera3\DP2\Workspace-26\Projects\Acme-Starters-C-26.1.0\target\classes\WEB-INF\data\sample\batch-01\user-account.csv'. 
2026-02-06 23:01:27.813807300 DEBUG acme.internals.components.database.EntityTable@main Reading mapping '{password=provider1, identity=UserIdentity{name: 'Laurel', surname: 'Provider', email: 'laurel@acme.com'}, key=user-account-provider-01, enabled=true, username=provider1}' from 'C:\Users\victo\OneDrive\Documentos\Carrera3\DP2\Workspace-26\Projects\Acme-Starters-C-26.1.0\target\classes\WEB-INF\data\sample\batch-01\user-account.csv'. 
2026-02-06 23:01:27.814806300 DEBUG acme.internals.components.database.EntityTable@main Reading mapping '{password=provider2, identity=UserIdentity{name: 'Martina', surname: 'коза თხა', email: 'martina@acme.com'}, key=user-account-provider-02, enabled=true, username=provider2}' from 'C:\Users\victo\OneDrive\Documentos\Carrera3\DP2\Workspace-26\Projects\Acme-Starters-C-26.1.0\target\classes\WEB-INF\data\sample\batch-01\user-account.csv'. 
2026-02-06 23:01:27.815965800 DEBUG acme.internals.components.database.EntityTable@main Reading mapping '{password=provider3, identity=UserIdentity{name: 'Antonia', surname: 'אבטיח Æløzå', email: 'antonia@acme.com'}, key=user-account-provider-03, enabled=true, username=provider3}' from 'C:\Users\victo\OneDrive\Documentos\Carrera3\DP2\Workspace-26\Projects\Acme-Starters-C-26.1.0\target\classes\WEB-INF\data\sample\batch-01\user-account.csv'. 
2026-02-06 23:01:27.816965300 DEBUG acme.internals.components.database.EntityWeb@main Setting attributes of entities of class acme.realms.Consumer. 
2026-02-06 23:01:27.873976800 DEBUG acme.internals.components.database.EntityWeb@main Setting attributes of entities of class acme.realms.Provider. 
2026-02-06 23:01:27.926296900 DEBUG acme.internals.components.database.EntityWeb@main Setting attributes of entities of class acme.client.components.principals.UserAccount. 
2026-02-06 23:01:28.047577300 DEBUG acme.internals.components.database.EntityWeb@main Linking entities of class acme.realms.Consumer. 
2026-02-06 23:01:28.053261400 DEBUG acme.internals.components.database.EntityWeb@main Linking entities of class acme.realms.Provider. 
2026-02-06 23:01:28.059049900 DEBUG acme.internals.components.database.EntityWeb@main Linking entities of class acme.client.components.principals.UserAccount. 
2026-02-06 23:01:28.060099200 DEBUG acme.internals.components.database.DatabasePopulator@main Sorting your entity clazzes topologically. 
2026-02-06 23:01:28.060099200 DEBUG acme.internals.components.database.DatabasePopulator@main Best topological order for your entity clazzes: 
2026-02-06 23:01:28.060099200 DEBUG acme.internals.components.database.DatabasePopulator@main - acme.client.components.principals.UserAccount 
2026-02-06 23:01:28.060099200 DEBUG acme.internals.components.database.DatabasePopulator@main - acme.client.components.principals.Administrator 
2026-02-06 23:01:28.060099200 DEBUG acme.internals.components.database.DatabasePopulator@main - acme.client.components.principals.Anonymous 
2026-02-06 23:01:28.060099200 DEBUG acme.internals.components.database.DatabasePopulator@main - acme.realms.Consumer 
2026-02-06 23:01:28.060099200 DEBUG acme.internals.components.database.DatabasePopulator@main - acme.realms.Provider 
2026-02-06 23:01:28.061491800 DEBUG acme.internals.components.database.DatabasePopulator@main Persisting your entities. 
2026-02-06 23:01:28.061491800 DEBUG acme.internals.components.database.DatabasePopulator@main Persisting entities of clazz 'acme.client.components.principals.UserAccount'. 
2026-02-06 23:01:28.073518400 DEBUG acme.internals.components.database.DatabaseManager@main Persisting entity 'UserAccount{id = 0, version = 0, username = "anonymous", password = "$2a$05$NdNkLLxGDXEVLKWz2EX3oeEm0WiQ5.eStoEDR7eqXQ9gUKQgXePQK", enabled = false, identity = DefaultUserIdentity(name=John, surname=Doe, email=john.doe@acme.com), $assertionsDisabled = false}'. 
2026-02-06 23:01:28.093986700 DEBUG org.hibernate.SQL@main select next_val from acme_sequence where sequence_name = ? for update 
2026-02-06 23:01:28.101489700 TRACE org.hibernate.type.descriptor.sql.BasicBinder@main binding parameter [1] as [VARCHAR] - [startup] 
2026-02-06 23:01:28.112569700 DEBUG org.hibernate.SQL@main update acme_sequence set next_val = ? where sequence_name = ? 
2026-02-06 23:01:28.113638 TRACE org.hibernate.type.descriptor.sql.BasicBinder@main binding parameter [1] as [INTEGER] - [-2] 
2026-02-06 23:01:28.114654200 TRACE org.hibernate.type.descriptor.sql.BasicBinder@main binding parameter [2] as [VARCHAR] - [startup] 
2026-02-06 23:01:28.296189800 DEBUG acme.internals.components.database.DatabaseManager@main Persisting entity 'UserAccount{id = 0, version = 0, username = "administrator", password = "$2a$05$ufViBZIVjzVSiilKuotRKOn0yLZAxShH3bsAfiEPZVxkxBG1s8jAO", enabled = true, identity = DefaultUserIdentity(name=Administrator, surname=Acme, email=administrator@acme.com), $assertionsDisabled = false}'. 
2026-02-06 23:01:28.311768400 DEBUG org.hibernate.SQL@main insert into user_account (version, enabled, identity, password, username, id) values (?, ?, ?, ?, ?, ?) 
2026-02-06 23:01:28.312796600 TRACE org.hibernate.type.descriptor.sql.BasicBinder@main binding parameter [1] as [INTEGER] - [0] 
2026-02-06 23:01:28.313796400 TRACE org.hibernate.type.descriptor.sql.BasicBinder@main binding parameter [2] as [BOOLEAN] - [false] 
2026-02-06 23:01:28.313796400 TRACE org.hibernate.type.descriptor.sql.BasicBinder@main binding parameter [3] as [BLOB] - [DefaultUserIdentity(name=John, surname=Doe, email=john.doe@acme.com)] 
2026-02-06 23:01:28.315796900 TRACE org.hibernate.type.descriptor.sql.BasicBinder@main binding parameter [4] as [VARCHAR] - [$2a$05$NdNkLLxGDXEVLKWz2EX3oeEm0WiQ5.eStoEDR7eqXQ9gUKQgXePQK] 
2026-02-06 23:01:28.315796900 TRACE org.hibernate.type.descriptor.sql.BasicBinder@main binding parameter [5] as [VARCHAR] - [anonymous] 
2026-02-06 23:01:28.315796900 TRACE org.hibernate.type.descriptor.sql.BasicBinder@main binding parameter [6] as [INTEGER] - [-1] 
2026-02-06 23:01:28.324079300 DEBUG org.hibernate.SQL@main select next_val from acme_sequence where sequence_name = ? for update 
2026-02-06 23:01:28.325078500 TRACE org.hibernate.type.descriptor.sql.BasicBinder@main binding parameter [1] as [VARCHAR] - [startup] 
2026-02-06 23:01:28.327079600 DEBUG org.hibernate.SQL@main update acme_sequence set next_val = ? where sequence_name = ? 
2026-02-06 23:01:28.327079600 TRACE org.hibernate.type.descriptor.sql.BasicBinder@main binding parameter [1] as [INTEGER] - [-3] 
2026-02-06 23:01:28.327079600 TRACE org.hibernate.type.descriptor.sql.BasicBinder@main binding parameter [2] as [VARCHAR] - [startup] 
2026-02-06 23:01:28.329337200 DEBUG acme.internals.components.database.DatabaseManager@main Persisting entity 'UserAccount{id = 0, version = 0, username = "consumer1", password = "$2a$05$uN1f6LupTfQLNfkCr06Lz.7EUR/8F22KMOiL6jP1d52MmwMtgMHBG", enabled = true, identity = DefaultUserIdentity(name=Peter, surname=Consumer, email=peter@acme.com), $assertionsDisabled = false}'. 
2026-02-06 23:01:28.332710900 DEBUG org.hibernate.SQL@main insert into user_account (version, enabled, identity, password, username, id) values (?, ?, ?, ?, ?, ?) 
2026-02-06 23:01:28.332710900 TRACE org.hibernate.type.descriptor.sql.BasicBinder@main binding parameter [1] as [INTEGER] - [0] 
2026-02-06 23:01:28.332710900 TRACE org.hibernate.type.descriptor.sql.BasicBinder@main binding parameter [2] as [BOOLEAN] - [true] 
2026-02-06 23:01:28.333710200 TRACE org.hibernate.type.descriptor.sql.BasicBinder@main binding parameter [3] as [BLOB] - [DefaultUserIdentity(name=Administrator, surname=Acme, email=administrator@acme.com)] 
2026-02-06 23:01:28.333710200 TRACE org.hibernate.type.descriptor.sql.BasicBinder@main binding parameter [4] as [VARCHAR] - [$2a$05$ufViBZIVjzVSiilKuotRKOn0yLZAxShH3bsAfiEPZVxkxBG1s8jAO] 
2026-02-06 23:01:28.333710200 TRACE org.hibernate.type.descriptor.sql.BasicBinder@main binding parameter [5] as [VARCHAR] - [administrator] 
2026-02-06 23:01:28.334711500 TRACE org.hibernate.type.descriptor.sql.BasicBinder@main binding parameter [6] as [INTEGER] - [-2] 
2026-02-06 23:01:28.337504700 DEBUG org.hibernate.SQL@main select next_val from acme_sequence where sequence_name = ? for update 
2026-02-06 23:01:28.337504700 TRACE org.hibernate.type.descriptor.sql.BasicBinder@main binding parameter [1] as [VARCHAR] - [startup] 
2026-02-06 23:01:28.339567800 DEBUG org.hibernate.SQL@main update acme_sequence set next_val = ? where sequence_name = ? 
2026-02-06 23:01:28.340724600 TRACE org.hibernate.type.descriptor.sql.BasicBinder@main binding parameter [1] as [INTEGER] - [-4] 
2026-02-06 23:01:28.340724600 TRACE org.hibernate.type.descriptor.sql.BasicBinder@main binding parameter [2] as [VARCHAR] - [startup] 
2026-02-06 23:01:28.342903600 DEBUG acme.internals.components.database.DatabaseManager@main Persisting entity 'UserAccount{id = 0, version = 0, username = "consumer2", password = "$2a$05$4KcX62P8CeBGfhlV9rJwseogWznJiivNQbS6KGtpPXQGXhlxG9g6i", enabled = true, identity = DefaultUserIdentity(name=Mary, surname=貸んい建濯よ芝弾テソ Λορεμ ιπσθμ, email=mary@acme.com), $assertionsDisabled = false}'. 
2026-02-06 23:01:28.343990600 DEBUG org.hibernate.SQL@main insert into user_account (version, enabled, identity, password, username, id) values (?, ?, ?, ?, ?, ?) 
2026-02-06 23:01:28.343990600 TRACE org.hibernate.type.descriptor.sql.BasicBinder@main binding parameter [1] as [INTEGER] - [0] 
2026-02-06 23:01:28.343990600 TRACE org.hibernate.type.descriptor.sql.BasicBinder@main binding parameter [2] as [BOOLEAN] - [true] 
2026-02-06 23:01:28.345020100 TRACE org.hibernate.type.descriptor.sql.BasicBinder@main binding parameter [3] as [BLOB] - [DefaultUserIdentity(name=Peter, surname=Consumer, email=peter@acme.com)] 
2026-02-06 23:01:28.345020100 TRACE org.hibernate.type.descriptor.sql.BasicBinder@main binding parameter [4] as [VARCHAR] - [$2a$05$uN1f6LupTfQLNfkCr06Lz.7EUR/8F22KMOiL6jP1d52MmwMtgMHBG] 
2026-02-06 23:01:28.345020100 TRACE org.hibernate.type.descriptor.sql.BasicBinder@main binding parameter [5] as [VARCHAR] - [consumer1] 
2026-02-06 23:01:28.345020100 TRACE org.hibernate.type.descriptor.sql.BasicBinder@main binding parameter [6] as [INTEGER] - [-3] 
2026-02-06 23:01:28.348333700 DEBUG org.hibernate.SQL@main select next_val from acme_sequence where sequence_name = ? for update 
2026-02-06 23:01:28.348333700 TRACE org.hibernate.type.descriptor.sql.BasicBinder@main binding parameter [1] as [VARCHAR] - [startup] 
2026-02-06 23:01:28.352468100 DEBUG org.hibernate.SQL@main update acme_sequence set next_val = ? where sequence_name = ? 
2026-02-06 23:01:28.352468100 TRACE org.hibernate.type.descriptor.sql.BasicBinder@main binding parameter [1] as [INTEGER] - [-5] 
2026-02-06 23:01:28.352468100 TRACE org.hibernate.type.descriptor.sql.BasicBinder@main binding parameter [2] as [VARCHAR] - [startup] 
2026-02-06 23:01:28.354753500 DEBUG acme.internals.components.database.DatabaseManager@main Persisting entity 'UserAccount{id = 0, version = 0, username = "consumer3", password = "$2a$05$XLKdeTWzf/lSH9GnvLk7IecF8mmOH5gXo/b3nTdLzo5pOGrw0FrBi", enabled = true, identity = DefaultUserIdentity(name=Manolo, surname=之乎路可良 ᏥᏲᏎᎭ, email=manolo@acme.com), $assertionsDisabled = false}'. 
2026-02-06 23:01:28.356753 DEBUG org.hibernate.SQL@main insert into user_account (version, enabled, identity, password, username, id) values (?, ?, ?, ?, ?, ?) 
2026-02-06 23:01:28.358006400 TRACE org.hibernate.type.descriptor.sql.BasicBinder@main binding parameter [1] as [INTEGER] - [0] 
2026-02-06 23:01:28.358006400 TRACE org.hibernate.type.descriptor.sql.BasicBinder@main binding parameter [2] as [BOOLEAN] - [true] 
2026-02-06 23:01:28.358006400 TRACE org.hibernate.type.descriptor.sql.BasicBinder@main binding parameter [3] as [BLOB] - [DefaultUserIdentity(name=Mary, surname=貸んい建濯よ芝弾テソ Λορεμ ιπσθμ, email=mary@acme.com)] 
2026-02-06 23:01:28.359005600 TRACE org.hibernate.type.descriptor.sql.BasicBinder@main binding parameter [4] as [VARCHAR] - [$2a$05$4KcX62P8CeBGfhlV9rJwseogWznJiivNQbS6KGtpPXQGXhlxG9g6i] 
2026-02-06 23:01:28.359005600 TRACE org.hibernate.type.descriptor.sql.BasicBinder@main binding parameter [5] as [VARCHAR] - [consumer2] 
2026-02-06 23:01:28.359005600 TRACE org.hibernate.type.descriptor.sql.BasicBinder@main binding parameter [6] as [INTEGER] - [-4] 
2026-02-06 23:01:28.362209300 DEBUG org.hibernate.SQL@main select next_val from acme_sequence where sequence_name = ? for update 
2026-02-06 23:01:28.362209300 TRACE org.hibernate.type.descriptor.sql.BasicBinder@main binding parameter [1] as [VARCHAR] - [startup] 
2026-02-06 23:01:28.366332800 DEBUG org.hibernate.SQL@main update acme_sequence set next_val = ? where sequence_name = ? 
2026-02-06 23:01:28.367349900 TRACE org.hibernate.type.descriptor.sql.BasicBinder@main binding parameter [1] as [INTEGER] - [-6] 
2026-02-06 23:01:28.367349900 TRACE org.hibernate.type.descriptor.sql.BasicBinder@main binding parameter [2] as [VARCHAR] - [startup] 
2026-02-06 23:01:28.370349400 DEBUG acme.internals.components.database.DatabaseManager@main Persisting entity 'UserAccount{id = 0, version = 0, username = "provider1", password = "$2a$05$aXpAZ.fvjSE05zqm4yOuE.yyYzI0A3XKHf9lElck0/6awzDytFgga", enabled = true, identity = DefaultUserIdentity(name=Laurel, surname=Provider, email=laurel@acme.com), $assertionsDisabled = false}'. 
2026-02-06 23:01:28.371350800 DEBUG org.hibernate.SQL@main insert into user_account (version, enabled, identity, password, username, id) values (?, ?, ?, ?, ?, ?) 
2026-02-06 23:01:28.371350800 TRACE org.hibernate.type.descriptor.sql.BasicBinder@main binding parameter [1] as [INTEGER] - [0] 
2026-02-06 23:01:28.371350800 TRACE org.hibernate.type.descriptor.sql.BasicBinder@main binding parameter [2] as [BOOLEAN] - [true] 
2026-02-06 23:01:28.372704900 TRACE org.hibernate.type.descriptor.sql.BasicBinder@main binding parameter [3] as [BLOB] - [DefaultUserIdentity(name=Manolo, surname=之乎路可良 ᏥᏲᏎᎭ, email=manolo@acme.com)] 
2026-02-06 23:01:28.372704900 TRACE org.hibernate.type.descriptor.sql.BasicBinder@main binding parameter [4] as [VARCHAR] - [$2a$05$XLKdeTWzf/lSH9GnvLk7IecF8mmOH5gXo/b3nTdLzo5pOGrw0FrBi] 
2026-02-06 23:01:28.372704900 TRACE org.hibernate.type.descriptor.sql.BasicBinder@main binding parameter [5] as [VARCHAR] - [consumer3] 
2026-02-06 23:01:28.372704900 TRACE org.hibernate.type.descriptor.sql.BasicBinder@main binding parameter [6] as [INTEGER] - [-5] 
2026-02-06 23:01:28.374913400 DEBUG org.hibernate.SQL@main select next_val from acme_sequence where sequence_name = ? for update 
2026-02-06 23:01:28.376212100 TRACE org.hibernate.type.descriptor.sql.BasicBinder@main binding parameter [1] as [VARCHAR] - [startup] 
2026-02-06 23:01:28.381936200 DEBUG org.hibernate.SQL@main update acme_sequence set next_val = ? where sequence_name = ? 
2026-02-06 23:01:28.381936200 TRACE org.hibernate.type.descriptor.sql.BasicBinder@main binding parameter [1] as [INTEGER] - [-7] 
2026-02-06 23:01:28.382946700 TRACE org.hibernate.type.descriptor.sql.BasicBinder@main binding parameter [2] as [VARCHAR] - [startup] 
2026-02-06 23:01:28.385433600 DEBUG acme.internals.components.database.DatabaseManager@main Persisting entity 'UserAccount{id = 0, version = 0, username = "provider2", password = "$2a$05$pjEGPDBQ7p6mHLtlStRzD.jMp6onyK7r/PnCehqqgrUNvmHz0aIBy", enabled = true, identity = DefaultUserIdentity(name=Martina, surname=коза თხა, email=martina@acme.com), $assertionsDisabled = false}'. 
2026-02-06 23:01:28.387700200 DEBUG org.hibernate.SQL@main insert into user_account (version, enabled, identity, password, username, id) values (?, ?, ?, ?, ?, ?) 
2026-02-06 23:01:28.387700200 TRACE org.hibernate.type.descriptor.sql.BasicBinder@main binding parameter [1] as [INTEGER] - [0] 
2026-02-06 23:01:28.388707800 TRACE org.hibernate.type.descriptor.sql.BasicBinder@main binding parameter [2] as [BOOLEAN] - [true] 
2026-02-06 23:01:28.388707800 TRACE org.hibernate.type.descriptor.sql.BasicBinder@main binding parameter [3] as [BLOB] - [DefaultUserIdentity(name=Laurel, surname=Provider, email=laurel@acme.com)] 
2026-02-06 23:01:28.388707800 TRACE org.hibernate.type.descriptor.sql.BasicBinder@main binding parameter [4] as [VARCHAR] - [$2a$05$aXpAZ.fvjSE05zqm4yOuE.yyYzI0A3XKHf9lElck0/6awzDytFgga] 
2026-02-06 23:01:28.388707800 TRACE org.hibernate.type.descriptor.sql.BasicBinder@main binding parameter [5] as [VARCHAR] - [provider1] 
2026-02-06 23:01:28.388707800 TRACE org.hibernate.type.descriptor.sql.BasicBinder@main binding parameter [6] as [INTEGER] - [-6] 
2026-02-06 23:01:28.392285700 DEBUG org.hibernate.SQL@main select next_val from acme_sequence where sequence_name = ? for update 
2026-02-06 23:01:28.393285100 TRACE org.hibernate.type.descriptor.sql.BasicBinder@main binding parameter [1] as [VARCHAR] - [startup] 
2026-02-06 23:01:28.396403700 DEBUG org.hibernate.SQL@main update acme_sequence set next_val = ? where sequence_name = ? 
2026-02-06 23:01:28.396403700 TRACE org.hibernate.type.descriptor.sql.BasicBinder@main binding parameter [1] as [INTEGER] - [-8] 
2026-02-06 23:01:28.396403700 TRACE org.hibernate.type.descriptor.sql.BasicBinder@main binding parameter [2] as [VARCHAR] - [startup] 
2026-02-06 23:01:28.398573900 DEBUG acme.internals.components.database.DatabaseManager@main Persisting entity 'UserAccount{id = 0, version = 0, username = "provider3", password = "$2a$05$lSO2FqLC0MZN0K/UlkKykO.durUU72P/JKH7CybYLRi7z3lNZ1GI2", enabled = true, identity = DefaultUserIdentity(name=Antonia, surname=אבטיח Æløzå, email=antonia@acme.com), $assertionsDisabled = false}'. 
2026-02-06 23:01:28.400608200 DEBUG org.hibernate.SQL@main insert into user_account (version, enabled, identity, password, username, id) values (?, ?, ?, ?, ?, ?) 
2026-02-06 23:01:28.400608200 TRACE org.hibernate.type.descriptor.sql.BasicBinder@main binding parameter [1] as [INTEGER] - [0] 
2026-02-06 23:01:28.401607500 TRACE org.hibernate.type.descriptor.sql.BasicBinder@main binding parameter [2] as [BOOLEAN] - [true] 
2026-02-06 23:01:28.401607500 TRACE org.hibernate.type.descriptor.sql.BasicBinder@main binding parameter [3] as [BLOB] - [DefaultUserIdentity(name=Martina, surname=коза თხა, email=martina@acme.com)] 
2026-02-06 23:01:28.401607500 TRACE org.hibernate.type.descriptor.sql.BasicBinder@main binding parameter [4] as [VARCHAR] - [$2a$05$pjEGPDBQ7p6mHLtlStRzD.jMp6onyK7r/PnCehqqgrUNvmHz0aIBy] 
2026-02-06 23:01:28.401607500 TRACE org.hibernate.type.descriptor.sql.BasicBinder@main binding parameter [5] as [VARCHAR] - [provider2] 
2026-02-06 23:01:28.401607500 TRACE org.hibernate.type.descriptor.sql.BasicBinder@main binding parameter [6] as [INTEGER] - [-7] 
2026-02-06 23:01:28.404006400 DEBUG org.hibernate.SQL@main select next_val from acme_sequence where sequence_name = ? for update 
2026-02-06 23:01:28.404006400 TRACE org.hibernate.type.descriptor.sql.BasicBinder@main binding parameter [1] as [VARCHAR] - [startup] 
2026-02-06 23:01:28.408443100 DEBUG org.hibernate.SQL@main update acme_sequence set next_val = ? where sequence_name = ? 
2026-02-06 23:01:28.408443100 TRACE org.hibernate.type.descriptor.sql.BasicBinder@main binding parameter [1] as [INTEGER] - [-9] 
2026-02-06 23:01:28.408443100 TRACE org.hibernate.type.descriptor.sql.BasicBinder@main binding parameter [2] as [VARCHAR] - [startup] 
2026-02-06 23:01:28.410478200 DEBUG acme.internals.components.database.DatabaseManager@main Flushing transaction 091fe6b0-3c16-3030-5f19-568b13453a7a. 
2026-02-06 23:01:28.412478400 DEBUG org.hibernate.SQL@main insert into user_account (version, enabled, identity, password, username, id) values (?, ?, ?, ?, ?, ?) 
2026-02-06 23:01:28.413478400 TRACE org.hibernate.type.descriptor.sql.BasicBinder@main binding parameter [1] as [INTEGER] - [0] 
2026-02-06 23:01:28.413478400 TRACE org.hibernate.type.descriptor.sql.BasicBinder@main binding parameter [2] as [BOOLEAN] - [true] 
2026-02-06 23:01:28.413478400 TRACE org.hibernate.type.descriptor.sql.BasicBinder@main binding parameter [3] as [BLOB] - [DefaultUserIdentity(name=Antonia, surname=אבטיח Æløzå, email=antonia@acme.com)] 
2026-02-06 23:01:28.414478100 TRACE org.hibernate.type.descriptor.sql.BasicBinder@main binding parameter [4] as [VARCHAR] - [$2a$05$lSO2FqLC0MZN0K/UlkKykO.durUU72P/JKH7CybYLRi7z3lNZ1GI2] 
2026-02-06 23:01:28.414478100 TRACE org.hibernate.type.descriptor.sql.BasicBinder@main binding parameter [5] as [VARCHAR] - [provider3] 
2026-02-06 23:01:28.414478100 TRACE org.hibernate.type.descriptor.sql.BasicBinder@main binding parameter [6] as [INTEGER] - [-8] 
2026-02-06 23:01:28.415478300 DEBUG acme.internals.components.database.DatabasePopulator@main Persisting entities of clazz 'acme.client.components.principals.Administrator'. 
2026-02-06 23:01:28.416755600 DEBUG acme.internals.components.database.DatabaseManager@main Persisting entity 'Administrator{id = 0, version = 0, userAccount = acme.client.components.principals.UserAccount{id=-2, version=0}, $assertionsDisabled = false}'. 
2026-02-06 23:01:28.420207900 DEBUG org.hibernate.SQL@main select next_val from acme_sequence where sequence_name = ? for update 
2026-02-06 23:01:28.421238700 TRACE org.hibernate.type.descriptor.sql.BasicBinder@main binding parameter [1] as [VARCHAR] - [startup] 
2026-02-06 23:01:28.425476200 DEBUG org.hibernate.SQL@main update acme_sequence set next_val = ? where sequence_name = ? 
2026-02-06 23:01:28.425476200 TRACE org.hibernate.type.descriptor.sql.BasicBinder@main binding parameter [1] as [INTEGER] - [-10] 
2026-02-06 23:01:28.425476200 TRACE org.hibernate.type.descriptor.sql.BasicBinder@main binding parameter [2] as [VARCHAR] - [startup] 
2026-02-06 23:01:28.427531 DEBUG acme.internals.components.database.DatabaseManager@main Flushing transaction 091fe6b0-3c16-3030-5f19-568b13453a7a. 
2026-02-06 23:01:28.428875300 DEBUG org.hibernate.SQL@main insert into administrator (version, user_account_id, id) values (?, ?, ?) 
2026-02-06 23:01:28.428875300 TRACE org.hibernate.type.descriptor.sql.BasicBinder@main binding parameter [1] as [INTEGER] - [0] 
2026-02-06 23:01:28.428875300 TRACE org.hibernate.type.descriptor.sql.BasicBinder@main binding parameter [2] as [INTEGER] - [-2] 
2026-02-06 23:01:28.428875300 TRACE org.hibernate.type.descriptor.sql.BasicBinder@main binding parameter [3] as [INTEGER] - [-9] 
2026-02-06 23:01:28.432133100 DEBUG acme.internals.components.database.DatabasePopulator@main Persisting entities of clazz 'acme.client.components.principals.Anonymous'. 
2026-02-06 23:01:28.432133100 DEBUG acme.internals.components.database.DatabaseManager@main Persisting entity 'Anonymous{id = 0, version = 0, userAccount = acme.client.components.principals.UserAccount{id=-1, version=0}, $assertionsDisabled = false}'. 
2026-02-06 23:01:28.434132200 DEBUG org.hibernate.SQL@main select next_val from acme_sequence where sequence_name = ? for update 
2026-02-06 23:01:28.434132200 TRACE org.hibernate.type.descriptor.sql.BasicBinder@main binding parameter [1] as [VARCHAR] - [startup] 
2026-02-06 23:01:28.437138600 DEBUG org.hibernate.SQL@main update acme_sequence set next_val = ? where sequence_name = ? 
2026-02-06 23:01:28.437138600 TRACE org.hibernate.type.descriptor.sql.BasicBinder@main binding parameter [1] as [INTEGER] - [-11] 
2026-02-06 23:01:28.437138600 TRACE org.hibernate.type.descriptor.sql.BasicBinder@main binding parameter [2] as [VARCHAR] - [startup] 
2026-02-06 23:01:28.439174800 DEBUG acme.internals.components.database.DatabaseManager@main Flushing transaction 091fe6b0-3c16-3030-5f19-568b13453a7a. 
2026-02-06 23:01:28.440174600 DEBUG org.hibernate.SQL@main insert into anonymous (version, user_account_id, id) values (?, ?, ?) 
2026-02-06 23:01:28.440174600 TRACE org.hibernate.type.descriptor.sql.BasicBinder@main binding parameter [1] as [INTEGER] - [0] 
2026-02-06 23:01:28.441464100 TRACE org.hibernate.type.descriptor.sql.BasicBinder@main binding parameter [2] as [INTEGER] - [-1] 
2026-02-06 23:01:28.441464100 TRACE org.hibernate.type.descriptor.sql.BasicBinder@main binding parameter [3] as [INTEGER] - [-10] 
2026-02-06 23:01:28.443825700 DEBUG acme.internals.components.database.DatabasePopulator@main Persisting entities of clazz 'acme.realms.Consumer'. 
2026-02-06 23:01:28.444825200 DEBUG acme.internals.components.database.DatabaseManager@main Persisting entity 'Consumer{id = 0, version = 0, userAccount = acme.client.components.principals.UserAccount{id=-3, version=0}, $assertionsDisabled = false, company = "Macarena, Inc.", sector = "Telecommunications"}'. 
2026-02-06 23:01:28.446825100 DEBUG org.hibernate.SQL@main select next_val from acme_sequence where sequence_name = ? for update 
2026-02-06 23:01:28.446825100 TRACE org.hibernate.type.descriptor.sql.BasicBinder@main binding parameter [1] as [VARCHAR] - [startup] 
2026-02-06 23:01:28.449825100 DEBUG org.hibernate.SQL@main update acme_sequence set next_val = ? where sequence_name = ? 
2026-02-06 23:01:28.449825100 TRACE org.hibernate.type.descriptor.sql.BasicBinder@main binding parameter [1] as [INTEGER] - [-12] 
2026-02-06 23:01:28.449825100 TRACE org.hibernate.type.descriptor.sql.BasicBinder@main binding parameter [2] as [VARCHAR] - [startup] 
2026-02-06 23:01:28.451335600 DEBUG acme.internals.components.database.DatabaseManager@main Persisting entity 'Consumer{id = 0, version = 0, userAccount = acme.client.components.principals.UserAccount{id=-4, version=0}, $assertionsDisabled = false, company = "լոռեմ իպսում", sector = "ლორემ იფსუმ"}'. 
2026-02-06 23:01:28.452375800 DEBUG org.hibernate.SQL@main insert into consumer (version, user_account_id, company, sector, id) values (?, ?, ?, ?, ?) 
2026-02-06 23:01:28.453382600 TRACE org.hibernate.type.descriptor.sql.BasicBinder@main binding parameter [1] as [INTEGER] - [0] 
2026-02-06 23:01:28.453382600 TRACE org.hibernate.type.descriptor.sql.BasicBinder@main binding parameter [2] as [INTEGER] - [-3] 
2026-02-06 23:01:28.453382600 TRACE org.hibernate.type.descriptor.sql.BasicBinder@main binding parameter [3] as [VARCHAR] - [Macarena, Inc.] 
2026-02-06 23:01:28.453382600 TRACE org.hibernate.type.descriptor.sql.BasicBinder@main binding parameter [4] as [VARCHAR] - [Telecommunications] 
2026-02-06 23:01:28.453382600 TRACE org.hibernate.type.descriptor.sql.BasicBinder@main binding parameter [5] as [INTEGER] - [-11] 
2026-02-06 23:01:28.456434 DEBUG org.hibernate.SQL@main select next_val from acme_sequence where sequence_name = ? for update 
2026-02-06 23:01:28.457569700 TRACE org.hibernate.type.descriptor.sql.BasicBinder@main binding parameter [1] as [VARCHAR] - [startup] 
2026-02-06 23:01:28.459661 DEBUG org.hibernate.SQL@main update acme_sequence set next_val = ? where sequence_name = ? 
2026-02-06 23:01:28.459661 TRACE org.hibernate.type.descriptor.sql.BasicBinder@main binding parameter [1] as [INTEGER] - [-13] 
2026-02-06 23:01:28.459661 TRACE org.hibernate.type.descriptor.sql.BasicBinder@main binding parameter [2] as [VARCHAR] - [startup] 
2026-02-06 23:01:28.460907900 DEBUG acme.internals.components.database.DatabaseManager@main Persisting entity 'Consumer{id = 0, version = 0, userAccount = acme.client.components.principals.UserAccount{id=-5, version=0}, $assertionsDisabled = false, company = "مرحبا بالعالم", sector = "天飽雲馬消根清歡寫尾做兒幫"}'. 
2026-02-06 23:01:28.461907700 DEBUG org.hibernate.SQL@main insert into consumer (version, user_account_id, company, sector, id) values (?, ?, ?, ?, ?) 
2026-02-06 23:01:28.461907700 TRACE org.hibernate.type.descriptor.sql.BasicBinder@main binding parameter [1] as [INTEGER] - [0] 
2026-02-06 23:01:28.462906800 TRACE org.hibernate.type.descriptor.sql.BasicBinder@main binding parameter [2] as [INTEGER] - [-4] 
2026-02-06 23:01:28.462906800 TRACE org.hibernate.type.descriptor.sql.BasicBinder@main binding parameter [3] as [VARCHAR] - [լոռեմ իպսում] 
2026-02-06 23:01:28.462906800 TRACE org.hibernate.type.descriptor.sql.BasicBinder@main binding parameter [4] as [VARCHAR] - [ლორემ იფსუმ] 
2026-02-06 23:01:28.462906800 TRACE org.hibernate.type.descriptor.sql.BasicBinder@main binding parameter [5] as [INTEGER] - [-12] 
2026-02-06 23:01:28.464907100 DEBUG org.hibernate.SQL@main select next_val from acme_sequence where sequence_name = ? for update 
2026-02-06 23:01:28.470436300 TRACE org.hibernate.type.descriptor.sql.BasicBinder@main binding parameter [1] as [VARCHAR] - [startup] 
2026-02-06 23:01:28.475947700 DEBUG org.hibernate.SQL@main update acme_sequence set next_val = ? where sequence_name = ? 
2026-02-06 23:01:28.475947700 TRACE org.hibernate.type.descriptor.sql.BasicBinder@main binding parameter [1] as [INTEGER] - [-14] 
2026-02-06 23:01:28.475947700 TRACE org.hibernate.type.descriptor.sql.BasicBinder@main binding parameter [2] as [VARCHAR] - [startup] 
2026-02-06 23:01:28.478416700 DEBUG acme.internals.components.database.DatabaseManager@main Flushing transaction 091fe6b0-3c16-3030-5f19-568b13453a7a. 
2026-02-06 23:01:28.479684500 DEBUG org.hibernate.SQL@main insert into consumer (version, user_account_id, company, sector, id) values (?, ?, ?, ?, ?) 
2026-02-06 23:01:28.479684500 TRACE org.hibernate.type.descriptor.sql.BasicBinder@main binding parameter [1] as [INTEGER] - [0] 
2026-02-06 23:01:28.480707200 TRACE org.hibernate.type.descriptor.sql.BasicBinder@main binding parameter [2] as [INTEGER] - [-5] 
2026-02-06 23:01:28.480707200 TRACE org.hibernate.type.descriptor.sql.BasicBinder@main binding parameter [3] as [VARCHAR] - [مرحبا بالعالم] 
2026-02-06 23:01:28.480707200 TRACE org.hibernate.type.descriptor.sql.BasicBinder@main binding parameter [4] as [VARCHAR] - [天飽雲馬消根清歡寫尾做兒幫] 
2026-02-06 23:01:28.480707200 TRACE org.hibernate.type.descriptor.sql.BasicBinder@main binding parameter [5] as [INTEGER] - [-13] 
2026-02-06 23:01:28.481958800 DEBUG acme.internals.components.database.DatabasePopulator@main Persisting entities of clazz 'acme.realms.Provider'. 
2026-02-06 23:01:28.482967900 DEBUG acme.internals.components.database.DatabaseManager@main Persisting entity 'Provider{id = 0, version = 0, userAccount = acme.client.components.principals.UserAccount{id=-6, version=0}, $assertionsDisabled = false, company = "Terra Nets, S.A.", sector = "Internet"}'. 
2026-02-06 23:01:28.486050500 DEBUG org.hibernate.SQL@main select next_val from acme_sequence where sequence_name = ? for update 
2026-02-06 23:01:28.487050800 TRACE org.hibernate.type.descriptor.sql.BasicBinder@main binding parameter [1] as [VARCHAR] - [startup] 
2026-02-06 23:01:28.490436300 DEBUG org.hibernate.SQL@main update acme_sequence set next_val = ? where sequence_name = ? 
2026-02-06 23:01:28.490436300 TRACE org.hibernate.type.descriptor.sql.BasicBinder@main binding parameter [1] as [INTEGER] - [-15] 
2026-02-06 23:01:28.491564200 TRACE org.hibernate.type.descriptor.sql.BasicBinder@main binding parameter [2] as [VARCHAR] - [startup] 
2026-02-06 23:01:28.493875500 DEBUG acme.internals.components.database.DatabaseManager@main Persisting entity 'Provider{id = 0, version = 0, userAccount = acme.client.components.principals.UserAccount{id=-7, version=0}, $assertionsDisabled = false, company = "Лорем ипсум", sector = "Λορεμ ιπσθμ"}'. 
2026-02-06 23:01:28.495266600 DEBUG org.hibernate.SQL@main insert into provider (version, user_account_id, company, sector, id) values (?, ?, ?, ?, ?) 
2026-02-06 23:01:28.495266600 TRACE org.hibernate.type.descriptor.sql.BasicBinder@main binding parameter [1] as [INTEGER] - [0] 
2026-02-06 23:01:28.495266600 TRACE org.hibernate.type.descriptor.sql.BasicBinder@main binding parameter [2] as [INTEGER] - [-6] 
2026-02-06 23:01:28.496296 TRACE org.hibernate.type.descriptor.sql.BasicBinder@main binding parameter [3] as [VARCHAR] - [Terra Nets, S.A.] 
2026-02-06 23:01:28.496296 TRACE org.hibernate.type.descriptor.sql.BasicBinder@main binding parameter [4] as [VARCHAR] - [Internet] 
2026-02-06 23:01:28.496296 TRACE org.hibernate.type.descriptor.sql.BasicBinder@main binding parameter [5] as [INTEGER] - [-14] 
2026-02-06 23:01:28.507089100 DEBUG org.hibernate.SQL@main select next_val from acme_sequence where sequence_name = ? for update 
2026-02-06 23:01:28.508139 TRACE org.hibernate.type.descriptor.sql.BasicBinder@main binding parameter [1] as [VARCHAR] - [startup] 
2026-02-06 23:01:28.512231600 DEBUG org.hibernate.SQL@main update acme_sequence set next_val = ? where sequence_name = ? 
2026-02-06 23:01:28.512231600 TRACE org.hibernate.type.descriptor.sql.BasicBinder@main binding parameter [1] as [INTEGER] - [-16] 
2026-02-06 23:01:28.513239700 TRACE org.hibernate.type.descriptor.sql.BasicBinder@main binding parameter [2] as [VARCHAR] - [startup] 
2026-02-06 23:01:28.514711400 DEBUG acme.internals.components.database.DatabaseManager@main Persisting entity 'Provider{id = 0, version = 0, userAccount = acme.client.components.principals.UserAccount{id=-8, version=0}, $assertionsDisabled = false, company = "देवनागरी", sector = "À l'école, Zoë"}'. 
2026-02-06 23:01:28.516095 DEBUG org.hibernate.SQL@main insert into provider (version, user_account_id, company, sector, id) values (?, ?, ?, ?, ?) 
2026-02-06 23:01:28.516095 TRACE org.hibernate.type.descriptor.sql.BasicBinder@main binding parameter [1] as [INTEGER] - [0] 
2026-02-06 23:01:28.516095 TRACE org.hibernate.type.descriptor.sql.BasicBinder@main binding parameter [2] as [INTEGER] - [-7] 
2026-02-06 23:01:28.517117300 TRACE org.hibernate.type.descriptor.sql.BasicBinder@main binding parameter [3] as [VARCHAR] - [Лорем ипсум] 
2026-02-06 23:01:28.517117300 TRACE org.hibernate.type.descriptor.sql.BasicBinder@main binding parameter [4] as [VARCHAR] - [Λορεμ ιπσθμ] 
2026-02-06 23:01:28.517117300 TRACE org.hibernate.type.descriptor.sql.BasicBinder@main binding parameter [5] as [INTEGER] - [-15] 
2026-02-06 23:01:28.519167300 DEBUG org.hibernate.SQL@main select next_val from acme_sequence where sequence_name = ? for update 
2026-02-06 23:01:28.519167300 TRACE org.hibernate.type.descriptor.sql.BasicBinder@main binding parameter [1] as [VARCHAR] - [startup] 
2026-02-06 23:01:28.523699800 DEBUG org.hibernate.SQL@main update acme_sequence set next_val = ? where sequence_name = ? 
2026-02-06 23:01:28.523699800 TRACE org.hibernate.type.descriptor.sql.BasicBinder@main binding parameter [1] as [INTEGER] - [-17] 
2026-02-06 23:01:28.523699800 TRACE org.hibernate.type.descriptor.sql.BasicBinder@main binding parameter [2] as [VARCHAR] - [startup] 
2026-02-06 23:01:28.525823400 DEBUG acme.internals.components.database.DatabaseManager@main Flushing transaction 091fe6b0-3c16-3030-5f19-568b13453a7a. 
2026-02-06 23:01:28.527831900 DEBUG org.hibernate.SQL@main insert into provider (version, user_account_id, company, sector, id) values (?, ?, ?, ?, ?) 
2026-02-06 23:01:28.527831900 TRACE org.hibernate.type.descriptor.sql.BasicBinder@main binding parameter [1] as [INTEGER] - [0] 
2026-02-06 23:01:28.527831900 TRACE org.hibernate.type.descriptor.sql.BasicBinder@main binding parameter [2] as [INTEGER] - [-8] 
2026-02-06 23:01:28.528832100 TRACE org.hibernate.type.descriptor.sql.BasicBinder@main binding parameter [3] as [VARCHAR] - [देवनागरी] 
2026-02-06 23:01:28.528832100 TRACE org.hibernate.type.descriptor.sql.BasicBinder@main binding parameter [4] as [VARCHAR] - [À l'école, Zoë] 
2026-02-06 23:01:28.528832100 TRACE org.hibernate.type.descriptor.sql.BasicBinder@main binding parameter [5] as [INTEGER] - [-16] 
2026-02-06 23:01:28.529863800 DEBUG acme.internals.components.database.DatabasePopulator@main Validating your entities. 
2026-02-06 23:01:28.791064900 DEBUG org.hibernate.SQL@main select abstractre0_.id as id1_0_, abstractre0_.version as version2_0_, abstractre0_.user_account_id as user_acc1_1_, abstractre0_.company as company1_8_, abstractre0_.sector as sector2_8_, abstractre0_.company as company1_9_, abstractre0_.sector as sector2_9_, abstractre0_.clazz_ as clazz_ from ( select id, version, user_account_id, company, sector, 3 as clazz_ from consumer union all select id, version, user_account_id, company, sector, 4 as clazz_ from provider union all select id, version, user_account_id, null as company, null as sector, 6 as clazz_ from administrator union all select id, version, user_account_id, null as company, null as sector, 7 as clazz_ from anonymous union all select id, version, user_account_id, null as company, null as sector, 8 as clazz_ from any union all select id, version, user_account_id, null as company, null as sector, 9 as clazz_ from authenticated union all select id, version, user_account_id, null as company, null as sector, 5 as clazz_ from abstract_squad ) abstractre0_ where abstractre0_.user_account_id=? 
2026-02-06 23:01:28.792072100 TRACE org.hibernate.type.descriptor.sql.BasicBinder@main binding parameter [1] as [INTEGER] - [-2] 
2026-02-06 23:01:28.895247900 DEBUG acme.internals.components.database.DatabasePopulator@main Validating 'administrator-01' ... PASS. 
2026-02-06 23:01:28.906126900 DEBUG org.hibernate.SQL@main select abstractre0_.id as id1_0_, abstractre0_.version as version2_0_, abstractre0_.user_account_id as user_acc1_1_, abstractre0_.company as company1_8_, abstractre0_.sector as sector2_8_, abstractre0_.company as company1_9_, abstractre0_.sector as sector2_9_, abstractre0_.clazz_ as clazz_ from ( select id, version, user_account_id, company, sector, 3 as clazz_ from consumer union all select id, version, user_account_id, company, sector, 4 as clazz_ from provider union all select id, version, user_account_id, null as company, null as sector, 6 as clazz_ from administrator union all select id, version, user_account_id, null as company, null as sector, 7 as clazz_ from anonymous union all select id, version, user_account_id, null as company, null as sector, 8 as clazz_ from any union all select id, version, user_account_id, null as company, null as sector, 9 as clazz_ from authenticated union all select id, version, user_account_id, null as company, null as sector, 5 as clazz_ from abstract_squad ) abstractre0_ where abstractre0_.user_account_id=? 
2026-02-06 23:01:28.907180200 TRACE org.hibernate.type.descriptor.sql.BasicBinder@main binding parameter [1] as [INTEGER] - [-1] 
2026-02-06 23:01:28.910264100 DEBUG acme.internals.components.database.DatabasePopulator@main Validating 'anonymous-01' ... PASS. 
2026-02-06 23:01:28.912722100 DEBUG org.hibernate.SQL@main select abstractre0_.id as id1_0_, abstractre0_.version as version2_0_, abstractre0_.user_account_id as user_acc1_1_, abstractre0_.company as company1_8_, abstractre0_.sector as sector2_8_, abstractre0_.company as company1_9_, abstractre0_.sector as sector2_9_, abstractre0_.clazz_ as clazz_ from ( select id, version, user_account_id, company, sector, 3 as clazz_ from consumer union all select id, version, user_account_id, company, sector, 4 as clazz_ from provider union all select id, version, user_account_id, null as company, null as sector, 6 as clazz_ from administrator union all select id, version, user_account_id, null as company, null as sector, 7 as clazz_ from anonymous union all select id, version, user_account_id, null as company, null as sector, 8 as clazz_ from any union all select id, version, user_account_id, null as company, null as sector, 9 as clazz_ from authenticated union all select id, version, user_account_id, null as company, null as sector, 5 as clazz_ from abstract_squad ) abstractre0_ where abstractre0_.user_account_id=? 
2026-02-06 23:01:28.913730200 TRACE org.hibernate.type.descriptor.sql.BasicBinder@main binding parameter [1] as [INTEGER] - [-1] 
2026-02-06 23:01:28.917900800 DEBUG acme.internals.components.database.DatabasePopulator@main Validating 'user-account-anonymous-01' ... PASS. 
2026-02-06 23:01:28.918974800 DEBUG org.hibernate.SQL@main select abstractre0_.id as id1_0_, abstractre0_.version as version2_0_, abstractre0_.user_account_id as user_acc1_1_, abstractre0_.company as company1_8_, abstractre0_.sector as sector2_8_, abstractre0_.company as company1_9_, abstractre0_.sector as sector2_9_, abstractre0_.clazz_ as clazz_ from ( select id, version, user_account_id, company, sector, 3 as clazz_ from consumer union all select id, version, user_account_id, company, sector, 4 as clazz_ from provider union all select id, version, user_account_id, null as company, null as sector, 6 as clazz_ from administrator union all select id, version, user_account_id, null as company, null as sector, 7 as clazz_ from anonymous union all select id, version, user_account_id, null as company, null as sector, 8 as clazz_ from any union all select id, version, user_account_id, null as company, null as sector, 9 as clazz_ from authenticated union all select id, version, user_account_id, null as company, null as sector, 5 as clazz_ from abstract_squad ) abstractre0_ where abstractre0_.user_account_id=? 
2026-02-06 23:01:28.918974800 TRACE org.hibernate.type.descriptor.sql.BasicBinder@main binding parameter [1] as [INTEGER] - [-2] 
2026-02-06 23:01:28.922172300 DEBUG acme.internals.components.database.DatabasePopulator@main Validating 'user-account-administrator-01' ... PASS. 
2026-02-06 23:01:28.934000700 DEBUG org.hibernate.SQL@main select abstractre0_.id as id1_0_, abstractre0_.version as version2_0_, abstractre0_.user_account_id as user_acc1_1_, abstractre0_.company as company1_8_, abstractre0_.sector as sector2_8_, abstractre0_.company as company1_9_, abstractre0_.sector as sector2_9_, abstractre0_.clazz_ as clazz_ from ( select id, version, user_account_id, company, sector, 3 as clazz_ from consumer union all select id, version, user_account_id, company, sector, 4 as clazz_ from provider union all select id, version, user_account_id, null as company, null as sector, 6 as clazz_ from administrator union all select id, version, user_account_id, null as company, null as sector, 7 as clazz_ from anonymous union all select id, version, user_account_id, null as company, null as sector, 8 as clazz_ from any union all select id, version, user_account_id, null as company, null as sector, 9 as clazz_ from authenticated union all select id, version, user_account_id, null as company, null as sector, 5 as clazz_ from abstract_squad ) abstractre0_ where abstractre0_.user_account_id=? 
2026-02-06 23:01:28.935043500 TRACE org.hibernate.type.descriptor.sql.BasicBinder@main binding parameter [1] as [INTEGER] - [-3] 
2026-02-06 23:01:28.938158600 DEBUG acme.internals.components.database.DatabasePopulator@main Validating 'consumer-01' ... PASS. 
2026-02-06 23:01:28.941264200 DEBUG org.hibernate.SQL@main select abstractre0_.id as id1_0_, abstractre0_.version as version2_0_, abstractre0_.user_account_id as user_acc1_1_, abstractre0_.company as company1_8_, abstractre0_.sector as sector2_8_, abstractre0_.company as company1_9_, abstractre0_.sector as sector2_9_, abstractre0_.clazz_ as clazz_ from ( select id, version, user_account_id, company, sector, 3 as clazz_ from consumer union all select id, version, user_account_id, company, sector, 4 as clazz_ from provider union all select id, version, user_account_id, null as company, null as sector, 6 as clazz_ from administrator union all select id, version, user_account_id, null as company, null as sector, 7 as clazz_ from anonymous union all select id, version, user_account_id, null as company, null as sector, 8 as clazz_ from any union all select id, version, user_account_id, null as company, null as sector, 9 as clazz_ from authenticated union all select id, version, user_account_id, null as company, null as sector, 5 as clazz_ from abstract_squad ) abstractre0_ where abstractre0_.user_account_id=? 
2026-02-06 23:01:28.941264200 TRACE org.hibernate.type.descriptor.sql.BasicBinder@main binding parameter [1] as [INTEGER] - [-4] 
2026-02-06 23:01:28.946092600 DEBUG acme.internals.components.database.DatabasePopulator@main Validating 'consumer-02' ... PASS. 
2026-02-06 23:01:28.948092500 DEBUG org.hibernate.SQL@main select abstractre0_.id as id1_0_, abstractre0_.version as version2_0_, abstractre0_.user_account_id as user_acc1_1_, abstractre0_.company as company1_8_, abstractre0_.sector as sector2_8_, abstractre0_.company as company1_9_, abstractre0_.sector as sector2_9_, abstractre0_.clazz_ as clazz_ from ( select id, version, user_account_id, company, sector, 3 as clazz_ from consumer union all select id, version, user_account_id, company, sector, 4 as clazz_ from provider union all select id, version, user_account_id, null as company, null as sector, 6 as clazz_ from administrator union all select id, version, user_account_id, null as company, null as sector, 7 as clazz_ from anonymous union all select id, version, user_account_id, null as company, null as sector, 8 as clazz_ from any union all select id, version, user_account_id, null as company, null as sector, 9 as clazz_ from authenticated union all select id, version, user_account_id, null as company, null as sector, 5 as clazz_ from abstract_squad ) abstractre0_ where abstractre0_.user_account_id=? 
2026-02-06 23:01:28.948092500 TRACE org.hibernate.type.descriptor.sql.BasicBinder@main binding parameter [1] as [INTEGER] - [-5] 
2026-02-06 23:01:28.952313500 DEBUG acme.internals.components.database.DatabasePopulator@main Validating 'consumer-03' ... PASS. 
2026-02-06 23:01:28.964533100 DEBUG org.hibernate.SQL@main select abstractre0_.id as id1_0_, abstractre0_.version as version2_0_, abstractre0_.user_account_id as user_acc1_1_, abstractre0_.company as company1_8_, abstractre0_.sector as sector2_8_, abstractre0_.company as company1_9_, abstractre0_.sector as sector2_9_, abstractre0_.clazz_ as clazz_ from ( select id, version, user_account_id, company, sector, 3 as clazz_ from consumer union all select id, version, user_account_id, company, sector, 4 as clazz_ from provider union all select id, version, user_account_id, null as company, null as sector, 6 as clazz_ from administrator union all select id, version, user_account_id, null as company, null as sector, 7 as clazz_ from anonymous union all select id, version, user_account_id, null as company, null as sector, 8 as clazz_ from any union all select id, version, user_account_id, null as company, null as sector, 9 as clazz_ from authenticated union all select id, version, user_account_id, null as company, null as sector, 5 as clazz_ from abstract_squad ) abstractre0_ where abstractre0_.user_account_id=? 
2026-02-06 23:01:28.964533100 TRACE org.hibernate.type.descriptor.sql.BasicBinder@main binding parameter [1] as [INTEGER] - [-6] 
2026-02-06 23:01:28.968148300 DEBUG acme.internals.components.database.DatabasePopulator@main Validating 'provider-01' ... PASS. 
2026-02-06 23:01:28.970225400 DEBUG org.hibernate.SQL@main select abstractre0_.id as id1_0_, abstractre0_.version as version2_0_, abstractre0_.user_account_id as user_acc1_1_, abstractre0_.company as company1_8_, abstractre0_.sector as sector2_8_, abstractre0_.company as company1_9_, abstractre0_.sector as sector2_9_, abstractre0_.clazz_ as clazz_ from ( select id, version, user_account_id, company, sector, 3 as clazz_ from consumer union all select id, version, user_account_id, company, sector, 4 as clazz_ from provider union all select id, version, user_account_id, null as company, null as sector, 6 as clazz_ from administrator union all select id, version, user_account_id, null as company, null as sector, 7 as clazz_ from anonymous union all select id, version, user_account_id, null as company, null as sector, 8 as clazz_ from any union all select id, version, user_account_id, null as company, null as sector, 9 as clazz_ from authenticated union all select id, version, user_account_id, null as company, null as sector, 5 as clazz_ from abstract_squad ) abstractre0_ where abstractre0_.user_account_id=? 
2026-02-06 23:01:28.970225400 TRACE org.hibernate.type.descriptor.sql.BasicBinder@main binding parameter [1] as [INTEGER] - [-7] 
2026-02-06 23:01:28.972276900 DEBUG acme.internals.components.database.DatabasePopulator@main Validating 'provider-02' ... PASS. 
2026-02-06 23:01:28.974438700 DEBUG org.hibernate.SQL@main select abstractre0_.id as id1_0_, abstractre0_.version as version2_0_, abstractre0_.user_account_id as user_acc1_1_, abstractre0_.company as company1_8_, abstractre0_.sector as sector2_8_, abstractre0_.company as company1_9_, abstractre0_.sector as sector2_9_, abstractre0_.clazz_ as clazz_ from ( select id, version, user_account_id, company, sector, 3 as clazz_ from consumer union all select id, version, user_account_id, company, sector, 4 as clazz_ from provider union all select id, version, user_account_id, null as company, null as sector, 6 as clazz_ from administrator union all select id, version, user_account_id, null as company, null as sector, 7 as clazz_ from anonymous union all select id, version, user_account_id, null as company, null as sector, 8 as clazz_ from any union all select id, version, user_account_id, null as company, null as sector, 9 as clazz_ from authenticated union all select id, version, user_account_id, null as company, null as sector, 5 as clazz_ from abstract_squad ) abstractre0_ where abstractre0_.user_account_id=? 
2026-02-06 23:01:28.974438700 TRACE org.hibernate.type.descriptor.sql.BasicBinder@main binding parameter [1] as [INTEGER] - [-8] 
2026-02-06 23:01:28.977496200 DEBUG acme.internals.components.database.DatabasePopulator@main Validating 'provider-03' ... PASS. 
2026-02-06 23:01:28.978503800 DEBUG org.hibernate.SQL@main select abstractre0_.id as id1_0_, abstractre0_.version as version2_0_, abstractre0_.user_account_id as user_acc1_1_, abstractre0_.company as company1_8_, abstractre0_.sector as sector2_8_, abstractre0_.company as company1_9_, abstractre0_.sector as sector2_9_, abstractre0_.clazz_ as clazz_ from ( select id, version, user_account_id, company, sector, 3 as clazz_ from consumer union all select id, version, user_account_id, company, sector, 4 as clazz_ from provider union all select id, version, user_account_id, null as company, null as sector, 6 as clazz_ from administrator union all select id, version, user_account_id, null as company, null as sector, 7 as clazz_ from anonymous union all select id, version, user_account_id, null as company, null as sector, 8 as clazz_ from any union all select id, version, user_account_id, null as company, null as sector, 9 as clazz_ from authenticated union all select id, version, user_account_id, null as company, null as sector, 5 as clazz_ from abstract_squad ) abstractre0_ where abstractre0_.user_account_id=? 
2026-02-06 23:01:28.978503800 TRACE org.hibernate.type.descriptor.sql.BasicBinder@main binding parameter [1] as [INTEGER] - [-3] 
2026-02-06 23:01:28.981590600 DEBUG acme.internals.components.database.DatabasePopulator@main Validating 'user-account-consumer-01' ... PASS. 
2026-02-06 23:01:28.982623500 DEBUG org.hibernate.SQL@main select abstractre0_.id as id1_0_, abstractre0_.version as version2_0_, abstractre0_.user_account_id as user_acc1_1_, abstractre0_.company as company1_8_, abstractre0_.sector as sector2_8_, abstractre0_.company as company1_9_, abstractre0_.sector as sector2_9_, abstractre0_.clazz_ as clazz_ from ( select id, version, user_account_id, company, sector, 3 as clazz_ from consumer union all select id, version, user_account_id, company, sector, 4 as clazz_ from provider union all select id, version, user_account_id, null as company, null as sector, 6 as clazz_ from administrator union all select id, version, user_account_id, null as company, null as sector, 7 as clazz_ from anonymous union all select id, version, user_account_id, null as company, null as sector, 8 as clazz_ from any union all select id, version, user_account_id, null as company, null as sector, 9 as clazz_ from authenticated union all select id, version, user_account_id, null as company, null as sector, 5 as clazz_ from abstract_squad ) abstractre0_ where abstractre0_.user_account_id=? 
2026-02-06 23:01:28.982623500 TRACE org.hibernate.type.descriptor.sql.BasicBinder@main binding parameter [1] as [INTEGER] - [-4] 
2026-02-06 23:01:28.985667500 DEBUG acme.internals.components.database.DatabasePopulator@main Validating 'user-account-consumer-02' ... PASS. 
2026-02-06 23:01:28.986676500 DEBUG org.hibernate.SQL@main select abstractre0_.id as id1_0_, abstractre0_.version as version2_0_, abstractre0_.user_account_id as user_acc1_1_, abstractre0_.company as company1_8_, abstractre0_.sector as sector2_8_, abstractre0_.company as company1_9_, abstractre0_.sector as sector2_9_, abstractre0_.clazz_ as clazz_ from ( select id, version, user_account_id, company, sector, 3 as clazz_ from consumer union all select id, version, user_account_id, company, sector, 4 as clazz_ from provider union all select id, version, user_account_id, null as company, null as sector, 6 as clazz_ from administrator union all select id, version, user_account_id, null as company, null as sector, 7 as clazz_ from anonymous union all select id, version, user_account_id, null as company, null as sector, 8 as clazz_ from any union all select id, version, user_account_id, null as company, null as sector, 9 as clazz_ from authenticated union all select id, version, user_account_id, null as company, null as sector, 5 as clazz_ from abstract_squad ) abstractre0_ where abstractre0_.user_account_id=? 
2026-02-06 23:01:28.986676500 TRACE org.hibernate.type.descriptor.sql.BasicBinder@main binding parameter [1] as [INTEGER] - [-5] 
2026-02-06 23:01:28.988835800 DEBUG acme.internals.components.database.DatabasePopulator@main Validating 'user-account-consumer-03' ... PASS. 
2026-02-06 23:01:28.990864700 DEBUG org.hibernate.SQL@main select abstractre0_.id as id1_0_, abstractre0_.version as version2_0_, abstractre0_.user_account_id as user_acc1_1_, abstractre0_.company as company1_8_, abstractre0_.sector as sector2_8_, abstractre0_.company as company1_9_, abstractre0_.sector as sector2_9_, abstractre0_.clazz_ as clazz_ from ( select id, version, user_account_id, company, sector, 3 as clazz_ from consumer union all select id, version, user_account_id, company, sector, 4 as clazz_ from provider union all select id, version, user_account_id, null as company, null as sector, 6 as clazz_ from administrator union all select id, version, user_account_id, null as company, null as sector, 7 as clazz_ from anonymous union all select id, version, user_account_id, null as company, null as sector, 8 as clazz_ from any union all select id, version, user_account_id, null as company, null as sector, 9 as clazz_ from authenticated union all select id, version, user_account_id, null as company, null as sector, 5 as clazz_ from abstract_squad ) abstractre0_ where abstractre0_.user_account_id=? 
2026-02-06 23:01:28.991882400 TRACE org.hibernate.type.descriptor.sql.BasicBinder@main binding parameter [1] as [INTEGER] - [-6] 
2026-02-06 23:01:28.994094800 DEBUG acme.internals.components.database.DatabasePopulator@main Validating 'user-account-provider-01' ... PASS. 
2026-02-06 23:01:28.996637500 DEBUG org.hibernate.SQL@main select abstractre0_.id as id1_0_, abstractre0_.version as version2_0_, abstractre0_.user_account_id as user_acc1_1_, abstractre0_.company as company1_8_, abstractre0_.sector as sector2_8_, abstractre0_.company as company1_9_, abstractre0_.sector as sector2_9_, abstractre0_.clazz_ as clazz_ from ( select id, version, user_account_id, company, sector, 3 as clazz_ from consumer union all select id, version, user_account_id, company, sector, 4 as clazz_ from provider union all select id, version, user_account_id, null as company, null as sector, 6 as clazz_ from administrator union all select id, version, user_account_id, null as company, null as sector, 7 as clazz_ from anonymous union all select id, version, user_account_id, null as company, null as sector, 8 as clazz_ from any union all select id, version, user_account_id, null as company, null as sector, 9 as clazz_ from authenticated union all select id, version, user_account_id, null as company, null as sector, 5 as clazz_ from abstract_squad ) abstractre0_ where abstractre0_.user_account_id=? 
2026-02-06 23:01:28.997644700 TRACE org.hibernate.type.descriptor.sql.BasicBinder@main binding parameter [1] as [INTEGER] - [-7] 
2026-02-06 23:01:29.001025400 DEBUG acme.internals.components.database.DatabasePopulator@main Validating 'user-account-provider-02' ... PASS. 
2026-02-06 23:01:29.003025600 DEBUG org.hibernate.SQL@main select abstractre0_.id as id1_0_, abstractre0_.version as version2_0_, abstractre0_.user_account_id as user_acc1_1_, abstractre0_.company as company1_8_, abstractre0_.sector as sector2_8_, abstractre0_.company as company1_9_, abstractre0_.sector as sector2_9_, abstractre0_.clazz_ as clazz_ from ( select id, version, user_account_id, company, sector, 3 as clazz_ from consumer union all select id, version, user_account_id, company, sector, 4 as clazz_ from provider union all select id, version, user_account_id, null as company, null as sector, 6 as clazz_ from administrator union all select id, version, user_account_id, null as company, null as sector, 7 as clazz_ from anonymous union all select id, version, user_account_id, null as company, null as sector, 8 as clazz_ from any union all select id, version, user_account_id, null as company, null as sector, 9 as clazz_ from authenticated union all select id, version, user_account_id, null as company, null as sector, 5 as clazz_ from abstract_squad ) abstractre0_ where abstractre0_.user_account_id=? 
2026-02-06 23:01:29.004025900 TRACE org.hibernate.type.descriptor.sql.BasicBinder@main binding parameter [1] as [INTEGER] - [-8] 
2026-02-06 23:01:29.006249900 DEBUG acme.internals.components.database.DatabasePopulator@main Validating 'user-account-provider-03' ... PASS. 
2026-02-06 23:01:29.007594500 DEBUG acme.internals.components.database.DatabaseManager@main Committing transaction 091fe6b0-3c16-3030-5f19-568b13453a7a. 
2026-02-06 23:01:29.013049 DEBUG acme.internals.components.clocks.SimulatedClock@main Changing clock to Wed Jan 01 00:00:00 CET 2025. 
2026-02-06 23:01:29.013049 DEBUG acme.client.helpers.RandomHelper@main Resetting random seed to 42. 
2026-02-06 23:01:29.014074100 DEBUG acme.client.helpers.RandomHelper@main Resetting random seed to 42. 
2026-02-06 23:01:29.014074100 INFO  acme.Launcher@main Launching populator took 2.584 seconds. Ready. 
2026-02-06 23:01:29.051179200 INFO  acme.internals.configuration.ShutdownConfiguration@main The system is shutting down... 
2026-02-06 23:01:29.068038900 INFO  acme.Launcher@main Exiting application with status 0. 
